INFO 2025-11-30 11:07:36,414 autoreload Watching for file changes with StatReloader
INFO 2025-11-30 11:10:54,353 autoreload /app/administrador/views.py changed, reloading.
INFO 2025-11-30 11:10:55,802 autoreload Watching for file changes with StatReloader
INFO 2025-11-30 11:12:05,359 autoreload /app/gestion_espacios_academicos/forms.py changed, reloading.
INFO 2025-11-30 11:12:06,989 autoreload Watching for file changes with StatReloader
INFO 2025-11-30 11:12:56,808 basehttp "GET / HTTP/1.1" 200 1983
INFO 2025-11-30 11:12:56,854 basehttp "GET /static/js/scripts.js HTTP/1.1" 200 13739
INFO 2025-11-30 11:12:56,864 basehttp "GET /static/css/custom-styles.css HTTP/1.1" 200 5622
INFO 2025-11-30 11:13:13,022 basehttp "GET /login/ HTTP/1.1" 200 2352
INFO 2025-11-30 11:13:20,126 basehttp "POST /login/ HTTP/1.1" 302 0
INFO 2025-11-30 11:13:20,161 basehttp "GET /administrador/ HTTP/1.1" 200 5357
INFO 2025-11-30 11:13:20,222 basehttp "GET /static/css/styles-v2.css HTTP/1.1" 200 5828
INFO 2025-11-30 11:13:26,669 basehttp "GET /administrador/registrar_espacio_campus/ HTTP/1.1" 200 12194
INFO 2025-11-30 11:13:38,025 basehttp "GET /administrador/registrar_espacio_campus/ HTTP/1.1" 200 6097
INFO 2025-11-30 11:13:38,056 basehttp "GET /static/js/scripts.js HTTP/1.1" 200 13739
INFO 2025-11-30 11:13:38,060 basehttp "GET /static/css/styles-v2.css HTTP/1.1" 200 5828
WARNING 2025-11-30 11:13:38,590 log Not Found: /favicon.ico
WARNING 2025-11-30 11:13:38,590 basehttp "GET /favicon.ico HTTP/1.1" 404 3913
INFO 2025-11-30 11:13:49,319 basehttp "GET /administrador/ HTTP/1.1" 200 5357
INFO 2025-11-30 11:23:07,589 autoreload /app/usuarios/views.py changed, reloading.
INFO 2025-11-30 11:23:09,460 autoreload Watching for file changes with StatReloader
ERROR 2025-11-30 11:23:11,654 log Internal Server Error: /usuarios/listar_espacios/
Traceback (most recent call last):
  File "/usr/local/lib/python3.11/site-packages/django/db/backends/utils.py", line 89, in _execute
    return self.cursor.execute(sql, params)
           ^^^^^^^^^^^^^^^^^^^^^^^^^^^^^^^^
psycopg2.errors.UndefinedColumn: column gestion_espacios_academicos_espaciocampus.documento_condiciones does not exist
LINE 1: ...spacios_academicos_espaciocampus"."encargado_id", "gestion_e...
                                                             ^


The above exception was the direct cause of the following exception:

Traceback (most recent call last):
  File "/usr/local/lib/python3.11/site-packages/django/core/handlers/exception.py", line 55, in inner
    response = get_response(request)
               ^^^^^^^^^^^^^^^^^^^^^
  File "/usr/local/lib/python3.11/site-packages/django/core/handlers/base.py", line 197, in _get_response
    response = wrapped_callback(request, *callback_args, **callback_kwargs)
               ^^^^^^^^^^^^^^^^^^^^^^^^^^^^^^^^^^^^^^^^^^^^^^^^^^^^^^^^^^^^
  File "/usr/local/lib/python3.11/site-packages/django/contrib/auth/decorators.py", line 23, in _wrapper_view
    return view_func(request, *args, **kwargs)
           ^^^^^^^^^^^^^^^^^^^^^^^^^^^^^^^^^^^
  File "/app/usuarios/views.py", line 510, in listar_espacios
    return render(request, 'usuarios/listar_espacios.html', context)
           ^^^^^^^^^^^^^^^^^^^^^^^^^^^^^^^^^^^^^^^^^^^^^^^^^^^^^^^^^
  File "/usr/local/lib/python3.11/site-packages/django/shortcuts.py", line 24, in render
    content = loader.render_to_string(template_name, context, request, using=using)
              ^^^^^^^^^^^^^^^^^^^^^^^^^^^^^^^^^^^^^^^^^^^^^^^^^^^^^^^^^^^^^^^^^^^^^
  File "/usr/local/lib/python3.11/site-packages/django/template/loader.py", line 62, in render_to_string
    return template.render(context, request)
           ^^^^^^^^^^^^^^^^^^^^^^^^^^^^^^^^^
  File "/usr/local/lib/python3.11/site-packages/django/template/backends/django.py", line 61, in render
    return self.template.render(context)
           ^^^^^^^^^^^^^^^^^^^^^^^^^^^^^
  File "/usr/local/lib/python3.11/site-packages/django/template/base.py", line 175, in render
    return self._render(context)
           ^^^^^^^^^^^^^^^^^^^^^
  File "/usr/local/lib/python3.11/site-packages/django/template/base.py", line 167, in _render
    return self.nodelist.render(context)
           ^^^^^^^^^^^^^^^^^^^^^^^^^^^^^
  File "/usr/local/lib/python3.11/site-packages/django/template/base.py", line 1005, in render
    return SafeString("".join([node.render_annotated(context) for node in self]))
                              ^^^^^^^^^^^^^^^^^^^^^^^^^^^^^^^^^^^^^^^^^^^^^^^^^
  File "/usr/local/lib/python3.11/site-packages/django/template/base.py", line 1005, in <listcomp>
    return SafeString("".join([node.render_annotated(context) for node in self]))
                               ^^^^^^^^^^^^^^^^^^^^^^^^^^^^^^
  File "/usr/local/lib/python3.11/site-packages/django/template/base.py", line 966, in render_annotated
    return self.render(context)
           ^^^^^^^^^^^^^^^^^^^^
  File "/usr/local/lib/python3.11/site-packages/django/template/defaulttags.py", line 194, in render
    len_values = len(values)
                 ^^^^^^^^^^^
  File "/usr/local/lib/python3.11/site-packages/django/db/models/query.py", line 382, in __len__
    self._fetch_all()
  File "/usr/local/lib/python3.11/site-packages/django/db/models/query.py", line 1886, in _fetch_all
    self._result_cache = list(self._iterable_class(self))
                         ^^^^^^^^^^^^^^^^^^^^^^^^^^^^^^^^
  File "/usr/local/lib/python3.11/site-packages/django/db/models/query.py", line 93, in __iter__
    results = compiler.execute_sql(
              ^^^^^^^^^^^^^^^^^^^^^
  File "/usr/local/lib/python3.11/site-packages/django/db/models/sql/compiler.py", line 1562, in execute_sql
    cursor.execute(sql, params)
  File "/usr/local/lib/python3.11/site-packages/django/db/backends/utils.py", line 102, in execute
    return super().execute(sql, params)
           ^^^^^^^^^^^^^^^^^^^^^^^^^^^^
  File "/usr/local/lib/python3.11/site-packages/django/db/backends/utils.py", line 67, in execute
    return self._execute_with_wrappers(
           ^^^^^^^^^^^^^^^^^^^^^^^^^^^^
  File "/usr/local/lib/python3.11/site-packages/django/db/backends/utils.py", line 80, in _execute_with_wrappers
    return executor(sql, params, many, context)
           ^^^^^^^^^^^^^^^^^^^^^^^^^^^^^^^^^^^^
  File "/usr/local/lib/python3.11/site-packages/django/db/backends/utils.py", line 84, in _execute
    with self.db.wrap_database_errors:
  File "/usr/local/lib/python3.11/site-packages/django/db/utils.py", line 91, in __exit__
    raise dj_exc_value.with_traceback(traceback) from exc_value
  File "/usr/local/lib/python3.11/site-packages/django/db/backends/utils.py", line 89, in _execute
    return self.cursor.execute(sql, params)
           ^^^^^^^^^^^^^^^^^^^^^^^^^^^^^^^^
django.db.utils.ProgrammingError: column gestion_espacios_academicos_espaciocampus.documento_condiciones does not exist
LINE 1: ...spacios_academicos_espaciocampus"."encargado_id", "gestion_e...
                                                             ^

ERROR 2025-11-30 11:23:11,665 basehttp "GET /usuarios/listar_espacios/ HTTP/1.1" 500 171270
WARNING 2025-11-30 11:23:12,288 log Not Found: /favicon.ico
WARNING 2025-11-30 11:23:12,290 basehttp "GET /favicon.ico HTTP/1.1" 404 3913
INFO 2025-11-30 11:23:54,115 basehttp "GET /usuarios/listar_espacios/ HTTP/1.1" 200 4308
INFO 2025-11-30 11:23:54,158 basehttp "GET /static/js/scripts.js HTTP/1.1" 200 13739
INFO 2025-11-30 11:23:54,172 basehttp "GET /static/css/base.css HTTP/1.1" 200 34516
WARNING 2025-11-30 11:23:55,025 log Not Found: /favicon.ico
WARNING 2025-11-30 11:23:55,026 basehttp "GET /favicon.ico HTTP/1.1" 404 3913
INFO 2025-11-30 11:23:57,859 basehttp "GET /usuarios/ HTTP/1.1" 200 5675
INFO 2025-11-30 11:23:57,962 basehttp "GET /usuarios/api/eventos-usuario/ HTTP/1.1" 200 314
INFO 2025-11-30 11:24:03,034 basehttp "GET /usuarios/enviar_solicitud/ HTTP/1.1" 200 10278
INFO 2025-11-30 11:24:03,066 basehttp "GET /static/js/verificacion-conflictos.js HTTP/1.1" 304 0
WARNING 2025-11-30 11:24:49,751 log Forbidden (CSRF token from the 'X-Csrftoken' HTTP header incorrect.): /usuarios/verificar-conflictos/
WARNING 2025-11-30 11:24:49,754 basehttp "POST /usuarios/verificar-conflictos/ HTTP/1.1" 403 2564
INFO 2025-11-30 11:24:56,054 basehttp "POST /usuarios/enviar_solicitud/ HTTP/1.1" 302 0
ERROR 2025-11-30 11:24:56,164 log Internal Server Error: /usuarios/historial/
Traceback (most recent call last):
  File "/usr/local/lib/python3.11/site-packages/django/template/base.py", line 880, in _resolve_lookup
    current = current[bit]
              ~~~~~~~^^^^^
TypeError: 'Solicitud' object is not subscriptable

During handling of the above exception, another exception occurred:

Traceback (most recent call last):
  File "/usr/local/lib/python3.11/site-packages/django/core/handlers/exception.py", line 55, in inner
    response = get_response(request)
               ^^^^^^^^^^^^^^^^^^^^^
  File "/usr/local/lib/python3.11/site-packages/django/core/handlers/base.py", line 197, in _get_response
    response = wrapped_callback(request, *callback_args, **callback_kwargs)
               ^^^^^^^^^^^^^^^^^^^^^^^^^^^^^^^^^^^^^^^^^^^^^^^^^^^^^^^^^^^^
  File "/usr/local/lib/python3.11/site-packages/django/contrib/auth/decorators.py", line 23, in _wrapper_view
    return view_func(request, *args, **kwargs)
           ^^^^^^^^^^^^^^^^^^^^^^^^^^^^^^^^^^^
  File "/app/usuarios/views.py", line 1199, in historial_solicitudes
    return render(request, 'usuarios/historial_solicitudes.html', {'solicitudes': solicitudes})
           ^^^^^^^^^^^^^^^^^^^^^^^^^^^^^^^^^^^^^^^^^^^^^^^^^^^^^^^^^^^^^^^^^^^^^^^^^^^^^^^^^^^^
  File "/usr/local/lib/python3.11/site-packages/django/shortcuts.py", line 24, in render
    content = loader.render_to_string(template_name, context, request, using=using)
              ^^^^^^^^^^^^^^^^^^^^^^^^^^^^^^^^^^^^^^^^^^^^^^^^^^^^^^^^^^^^^^^^^^^^^
  File "/usr/local/lib/python3.11/site-packages/django/template/loader.py", line 62, in render_to_string
    return template.render(context, request)
           ^^^^^^^^^^^^^^^^^^^^^^^^^^^^^^^^^
  File "/usr/local/lib/python3.11/site-packages/django/template/backends/django.py", line 61, in render
    return self.template.render(context)
           ^^^^^^^^^^^^^^^^^^^^^^^^^^^^^
  File "/usr/local/lib/python3.11/site-packages/django/template/base.py", line 175, in render
    return self._render(context)
           ^^^^^^^^^^^^^^^^^^^^^
  File "/usr/local/lib/python3.11/site-packages/django/template/base.py", line 167, in _render
    return self.nodelist.render(context)
           ^^^^^^^^^^^^^^^^^^^^^^^^^^^^^
  File "/usr/local/lib/python3.11/site-packages/django/template/base.py", line 1005, in render
    return SafeString("".join([node.render_annotated(context) for node in self]))
                              ^^^^^^^^^^^^^^^^^^^^^^^^^^^^^^^^^^^^^^^^^^^^^^^^^
  File "/usr/local/lib/python3.11/site-packages/django/template/base.py", line 1005, in <listcomp>
    return SafeString("".join([node.render_annotated(context) for node in self]))
                               ^^^^^^^^^^^^^^^^^^^^^^^^^^^^^^
  File "/usr/local/lib/python3.11/site-packages/django/template/base.py", line 966, in render_annotated
    return self.render(context)
           ^^^^^^^^^^^^^^^^^^^^
  File "/usr/local/lib/python3.11/site-packages/django/template/defaulttags.py", line 238, in render
    nodelist.append(node.render_annotated(context))
                    ^^^^^^^^^^^^^^^^^^^^^^^^^^^^^^
  File "/usr/local/lib/python3.11/site-packages/django/template/base.py", line 966, in render_annotated
    return self.render(context)
           ^^^^^^^^^^^^^^^^^^^^
  File "/usr/local/lib/python3.11/site-packages/django/template/defaulttags.py", line 321, in render
    return nodelist.render(context)
           ^^^^^^^^^^^^^^^^^^^^^^^^
  File "/usr/local/lib/python3.11/site-packages/django/template/base.py", line 1005, in render
    return SafeString("".join([node.render_annotated(context) for node in self]))
                              ^^^^^^^^^^^^^^^^^^^^^^^^^^^^^^^^^^^^^^^^^^^^^^^^^
  File "/usr/local/lib/python3.11/site-packages/django/template/base.py", line 1005, in <listcomp>
    return SafeString("".join([node.render_annotated(context) for node in self]))
                               ^^^^^^^^^^^^^^^^^^^^^^^^^^^^^^
  File "/usr/local/lib/python3.11/site-packages/django/template/base.py", line 966, in render_annotated
    return self.render(context)
           ^^^^^^^^^^^^^^^^^^^^
  File "/usr/local/lib/python3.11/site-packages/django/template/base.py", line 1064, in render
    output = self.filter_expression.resolve(context)
             ^^^^^^^^^^^^^^^^^^^^^^^^^^^^^^^^^^^^^^^
  File "/usr/local/lib/python3.11/site-packages/django/template/base.py", line 715, in resolve
    obj = self.var.resolve(context)
          ^^^^^^^^^^^^^^^^^^^^^^^^^
  File "/usr/local/lib/python3.11/site-packages/django/template/base.py", line 847, in resolve
    value = self._resolve_lookup(context)
            ^^^^^^^^^^^^^^^^^^^^^^^^^^^^^
  File "/usr/local/lib/python3.11/site-packages/django/template/base.py", line 890, in _resolve_lookup
    current = getattr(current, bit)
              ^^^^^^^^^^^^^^^^^^^^^
  File "/app/gestion_espacios_academicos/models.py", line 343, in tamano_archivo_legible
    size = self.archivo_adjunto.size
           ^^^^^^^^^^^^^^^^^^^^^^^^^
  File "/usr/local/lib/python3.11/site-packages/django/db/models/fields/files.py", line 74, in size
    return self.storage.size(self.name)
           ^^^^^^^^^^^^^^^^^^^^^^^^^^^^
  File "/usr/local/lib/python3.11/site-packages/django/core/files/storage/filesystem.py", line 182, in size
    return os.path.getsize(self.path(name))
           ^^^^^^^^^^^^^^^^^^^^^^^^^^^^^^^^
  File "<frozen genericpath>", line 50, in getsize
FileNotFoundError: [Errno 2] No such file or directory: '/app/media/solicitudes/2025/11/reporte_solicitudes_20251121_232034.pdf'
ERROR 2025-11-30 11:24:56,173 basehttp "GET /usuarios/historial/ HTTP/1.1" 500 188477
INFO 2025-11-30 11:24:59,118 basehttp "POST /usuarios/enviar_solicitud/ HTTP/1.1" 302 0
INFO 2025-11-30 11:25:45,602 basehttp "GET /usuarios/enviar_solicitud/ HTTP/1.1" 200 10545
WARNING 2025-11-30 11:25:58,035 log Forbidden (CSRF token from the 'X-Csrftoken' HTTP header incorrect.): /usuarios/verificar-conflictos/
WARNING 2025-11-30 11:25:58,042 basehttp "POST /usuarios/verificar-conflictos/ HTTP/1.1" 403 2564
INFO 2025-11-30 11:25:58,088 basehttp "POST /usuarios/enviar_solicitud/ HTTP/1.1" 302 0
ERROR 2025-11-30 11:25:58,300 log Internal Server Error: /usuarios/historial/
Traceback (most recent call last):
  File "/usr/local/lib/python3.11/site-packages/django/template/base.py", line 880, in _resolve_lookup
    current = current[bit]
              ~~~~~~~^^^^^
TypeError: 'Solicitud' object is not subscriptable

During handling of the above exception, another exception occurred:

Traceback (most recent call last):
  File "/usr/local/lib/python3.11/site-packages/django/core/handlers/exception.py", line 55, in inner
    response = get_response(request)
               ^^^^^^^^^^^^^^^^^^^^^
  File "/usr/local/lib/python3.11/site-packages/django/core/handlers/base.py", line 197, in _get_response
    response = wrapped_callback(request, *callback_args, **callback_kwargs)
               ^^^^^^^^^^^^^^^^^^^^^^^^^^^^^^^^^^^^^^^^^^^^^^^^^^^^^^^^^^^^
  File "/usr/local/lib/python3.11/site-packages/django/contrib/auth/decorators.py", line 23, in _wrapper_view
    return view_func(request, *args, **kwargs)
           ^^^^^^^^^^^^^^^^^^^^^^^^^^^^^^^^^^^
  File "/app/usuarios/views.py", line 1199, in historial_solicitudes
    return render(request, 'usuarios/historial_solicitudes.html', {'solicitudes': solicitudes})
           ^^^^^^^^^^^^^^^^^^^^^^^^^^^^^^^^^^^^^^^^^^^^^^^^^^^^^^^^^^^^^^^^^^^^^^^^^^^^^^^^^^^^
  File "/usr/local/lib/python3.11/site-packages/django/shortcuts.py", line 24, in render
    content = loader.render_to_string(template_name, context, request, using=using)
              ^^^^^^^^^^^^^^^^^^^^^^^^^^^^^^^^^^^^^^^^^^^^^^^^^^^^^^^^^^^^^^^^^^^^^
  File "/usr/local/lib/python3.11/site-packages/django/template/loader.py", line 62, in render_to_string
    return template.render(context, request)
           ^^^^^^^^^^^^^^^^^^^^^^^^^^^^^^^^^
  File "/usr/local/lib/python3.11/site-packages/django/template/backends/django.py", line 61, in render
    return self.template.render(context)
           ^^^^^^^^^^^^^^^^^^^^^^^^^^^^^
  File "/usr/local/lib/python3.11/site-packages/django/template/base.py", line 175, in render
    return self._render(context)
           ^^^^^^^^^^^^^^^^^^^^^
  File "/usr/local/lib/python3.11/site-packages/django/template/base.py", line 167, in _render
    return self.nodelist.render(context)
           ^^^^^^^^^^^^^^^^^^^^^^^^^^^^^
  File "/usr/local/lib/python3.11/site-packages/django/template/base.py", line 1005, in render
    return SafeString("".join([node.render_annotated(context) for node in self]))
                              ^^^^^^^^^^^^^^^^^^^^^^^^^^^^^^^^^^^^^^^^^^^^^^^^^
  File "/usr/local/lib/python3.11/site-packages/django/template/base.py", line 1005, in <listcomp>
    return SafeString("".join([node.render_annotated(context) for node in self]))
                               ^^^^^^^^^^^^^^^^^^^^^^^^^^^^^^
  File "/usr/local/lib/python3.11/site-packages/django/template/base.py", line 966, in render_annotated
    return self.render(context)
           ^^^^^^^^^^^^^^^^^^^^
  File "/usr/local/lib/python3.11/site-packages/django/template/defaulttags.py", line 238, in render
    nodelist.append(node.render_annotated(context))
                    ^^^^^^^^^^^^^^^^^^^^^^^^^^^^^^
  File "/usr/local/lib/python3.11/site-packages/django/template/base.py", line 966, in render_annotated
    return self.render(context)
           ^^^^^^^^^^^^^^^^^^^^
  File "/usr/local/lib/python3.11/site-packages/django/template/defaulttags.py", line 321, in render
    return nodelist.render(context)
           ^^^^^^^^^^^^^^^^^^^^^^^^
  File "/usr/local/lib/python3.11/site-packages/django/template/base.py", line 1005, in render
    return SafeString("".join([node.render_annotated(context) for node in self]))
                              ^^^^^^^^^^^^^^^^^^^^^^^^^^^^^^^^^^^^^^^^^^^^^^^^^
  File "/usr/local/lib/python3.11/site-packages/django/template/base.py", line 1005, in <listcomp>
    return SafeString("".join([node.render_annotated(context) for node in self]))
                               ^^^^^^^^^^^^^^^^^^^^^^^^^^^^^^
  File "/usr/local/lib/python3.11/site-packages/django/template/base.py", line 966, in render_annotated
    return self.render(context)
           ^^^^^^^^^^^^^^^^^^^^
  File "/usr/local/lib/python3.11/site-packages/django/template/base.py", line 1064, in render
    output = self.filter_expression.resolve(context)
             ^^^^^^^^^^^^^^^^^^^^^^^^^^^^^^^^^^^^^^^
  File "/usr/local/lib/python3.11/site-packages/django/template/base.py", line 715, in resolve
    obj = self.var.resolve(context)
          ^^^^^^^^^^^^^^^^^^^^^^^^^
  File "/usr/local/lib/python3.11/site-packages/django/template/base.py", line 847, in resolve
    value = self._resolve_lookup(context)
            ^^^^^^^^^^^^^^^^^^^^^^^^^^^^^
  File "/usr/local/lib/python3.11/site-packages/django/template/base.py", line 890, in _resolve_lookup
    current = getattr(current, bit)
              ^^^^^^^^^^^^^^^^^^^^^
  File "/app/gestion_espacios_academicos/models.py", line 343, in tamano_archivo_legible
    size = self.archivo_adjunto.size
           ^^^^^^^^^^^^^^^^^^^^^^^^^
  File "/usr/local/lib/python3.11/site-packages/django/db/models/fields/files.py", line 74, in size
    return self.storage.size(self.name)
           ^^^^^^^^^^^^^^^^^^^^^^^^^^^^
  File "/usr/local/lib/python3.11/site-packages/django/core/files/storage/filesystem.py", line 182, in size
    return os.path.getsize(self.path(name))
           ^^^^^^^^^^^^^^^^^^^^^^^^^^^^^^^^
  File "<frozen genericpath>", line 50, in getsize
FileNotFoundError: [Errno 2] No such file or directory: '/app/media/solicitudes/2025/11/reporte_solicitudes_20251121_232034.pdf'
ERROR 2025-11-30 11:25:58,314 basehttp "GET /usuarios/historial/ HTTP/1.1" 500 188477
INFO 2025-11-30 11:26:10,653 basehttp "GET /usuarios HTTP/1.1" 301 0
INFO 2025-11-30 11:26:10,684 basehttp "GET /usuarios/ HTTP/1.1" 200 5675
INFO 2025-11-30 11:26:10,749 basehttp "GET /static/js/calendario.js HTTP/1.1" 304 0
INFO 2025-11-30 11:26:10,848 basehttp "GET /usuarios/api/eventos-usuario/ HTTP/1.1" 200 314
INFO 2025-11-30 11:26:13,126 basehttp "GET /usuarios/ HTTP/1.1" 200 5675
INFO 2025-11-30 11:26:13,181 basehttp "GET /static/js/scripts.js HTTP/1.1" 200 13739
INFO 2025-11-30 11:26:13,201 basehttp "GET /static/css/base.css HTTP/1.1" 200 34516
INFO 2025-11-30 11:26:13,262 basehttp "GET /static/js/calendario.js HTTP/1.1" 200 8755
INFO 2025-11-30 11:26:13,513 basehttp "GET /usuarios/api/eventos-usuario/ HTTP/1.1" 200 314
WARNING 2025-11-30 11:26:14,035 log Not Found: /favicon.ico
WARNING 2025-11-30 11:26:14,038 basehttp "GET /favicon.ico HTTP/1.1" 404 3913
INFO 2025-11-30 11:26:15,477 basehttp "GET /usuarios/enviar_solicitud/ HTTP/1.1" 200 10545
INFO 2025-11-30 11:30:17,165 basehttp "GET /usuarios/enviar_solicitud/ HTTP/1.1" 200 10278
INFO 2025-11-30 11:30:17,222 basehttp "GET /static/js/scripts.js HTTP/1.1" 200 13739
INFO 2025-11-30 11:30:17,249 basehttp "GET /static/css/base.css HTTP/1.1" 200 34516
INFO 2025-11-30 11:30:17,321 basehttp "GET /static/js/verificacion-conflictos.js HTTP/1.1" 200 18346
WARNING 2025-11-30 11:30:18,162 log Not Found: /favicon.ico
WARNING 2025-11-30 11:30:18,164 basehttp "GET /favicon.ico HTTP/1.1" 404 3913
WARNING 2025-11-30 11:30:48,983 log Forbidden (CSRF token from the 'X-Csrftoken' HTTP header incorrect.): /usuarios/verificar-conflictos/
WARNING 2025-11-30 11:30:48,992 basehttp "POST /usuarios/verificar-conflictos/ HTTP/1.1" 403 2564
INFO 2025-11-30 11:30:55,881 basehttp "POST /usuarios/enviar_solicitud/ HTTP/1.1" 302 0
ERROR 2025-11-30 11:30:56,160 log Internal Server Error: /usuarios/historial/
Traceback (most recent call last):
  File "/usr/local/lib/python3.11/site-packages/django/template/base.py", line 880, in _resolve_lookup
    current = current[bit]
              ~~~~~~~^^^^^
TypeError: 'Solicitud' object is not subscriptable

During handling of the above exception, another exception occurred:

Traceback (most recent call last):
  File "/usr/local/lib/python3.11/site-packages/django/core/handlers/exception.py", line 55, in inner
    response = get_response(request)
               ^^^^^^^^^^^^^^^^^^^^^
  File "/usr/local/lib/python3.11/site-packages/django/core/handlers/base.py", line 197, in _get_response
    response = wrapped_callback(request, *callback_args, **callback_kwargs)
               ^^^^^^^^^^^^^^^^^^^^^^^^^^^^^^^^^^^^^^^^^^^^^^^^^^^^^^^^^^^^
  File "/usr/local/lib/python3.11/site-packages/django/contrib/auth/decorators.py", line 23, in _wrapper_view
    return view_func(request, *args, **kwargs)
           ^^^^^^^^^^^^^^^^^^^^^^^^^^^^^^^^^^^
  File "/app/usuarios/views.py", line 1199, in historial_solicitudes
    return render(request, 'usuarios/historial_solicitudes.html', {'solicitudes': solicitudes})
           ^^^^^^^^^^^^^^^^^^^^^^^^^^^^^^^^^^^^^^^^^^^^^^^^^^^^^^^^^^^^^^^^^^^^^^^^^^^^^^^^^^^^
  File "/usr/local/lib/python3.11/site-packages/django/shortcuts.py", line 24, in render
    content = loader.render_to_string(template_name, context, request, using=using)
              ^^^^^^^^^^^^^^^^^^^^^^^^^^^^^^^^^^^^^^^^^^^^^^^^^^^^^^^^^^^^^^^^^^^^^
  File "/usr/local/lib/python3.11/site-packages/django/template/loader.py", line 62, in render_to_string
    return template.render(context, request)
           ^^^^^^^^^^^^^^^^^^^^^^^^^^^^^^^^^
  File "/usr/local/lib/python3.11/site-packages/django/template/backends/django.py", line 61, in render
    return self.template.render(context)
           ^^^^^^^^^^^^^^^^^^^^^^^^^^^^^
  File "/usr/local/lib/python3.11/site-packages/django/template/base.py", line 175, in render
    return self._render(context)
           ^^^^^^^^^^^^^^^^^^^^^
  File "/usr/local/lib/python3.11/site-packages/django/template/base.py", line 167, in _render
    return self.nodelist.render(context)
           ^^^^^^^^^^^^^^^^^^^^^^^^^^^^^
  File "/usr/local/lib/python3.11/site-packages/django/template/base.py", line 1005, in render
    return SafeString("".join([node.render_annotated(context) for node in self]))
                              ^^^^^^^^^^^^^^^^^^^^^^^^^^^^^^^^^^^^^^^^^^^^^^^^^
  File "/usr/local/lib/python3.11/site-packages/django/template/base.py", line 1005, in <listcomp>
    return SafeString("".join([node.render_annotated(context) for node in self]))
                               ^^^^^^^^^^^^^^^^^^^^^^^^^^^^^^
  File "/usr/local/lib/python3.11/site-packages/django/template/base.py", line 966, in render_annotated
    return self.render(context)
           ^^^^^^^^^^^^^^^^^^^^
  File "/usr/local/lib/python3.11/site-packages/django/template/defaulttags.py", line 238, in render
    nodelist.append(node.render_annotated(context))
                    ^^^^^^^^^^^^^^^^^^^^^^^^^^^^^^
  File "/usr/local/lib/python3.11/site-packages/django/template/base.py", line 966, in render_annotated
    return self.render(context)
           ^^^^^^^^^^^^^^^^^^^^
  File "/usr/local/lib/python3.11/site-packages/django/template/defaulttags.py", line 321, in render
    return nodelist.render(context)
           ^^^^^^^^^^^^^^^^^^^^^^^^
  File "/usr/local/lib/python3.11/site-packages/django/template/base.py", line 1005, in render
    return SafeString("".join([node.render_annotated(context) for node in self]))
                              ^^^^^^^^^^^^^^^^^^^^^^^^^^^^^^^^^^^^^^^^^^^^^^^^^
  File "/usr/local/lib/python3.11/site-packages/django/template/base.py", line 1005, in <listcomp>
    return SafeString("".join([node.render_annotated(context) for node in self]))
                               ^^^^^^^^^^^^^^^^^^^^^^^^^^^^^^
  File "/usr/local/lib/python3.11/site-packages/django/template/base.py", line 966, in render_annotated
    return self.render(context)
           ^^^^^^^^^^^^^^^^^^^^
  File "/usr/local/lib/python3.11/site-packages/django/template/defaulttags.py", line 321, in render
    return nodelist.render(context)
           ^^^^^^^^^^^^^^^^^^^^^^^^
  File "/usr/local/lib/python3.11/site-packages/django/template/base.py", line 1005, in render
    return SafeString("".join([node.render_annotated(context) for node in self]))
                              ^^^^^^^^^^^^^^^^^^^^^^^^^^^^^^^^^^^^^^^^^^^^^^^^^
  File "/usr/local/lib/python3.11/site-packages/django/template/base.py", line 1005, in <listcomp>
    return SafeString("".join([node.render_annotated(context) for node in self]))
                               ^^^^^^^^^^^^^^^^^^^^^^^^^^^^^^
  File "/usr/local/lib/python3.11/site-packages/django/template/base.py", line 966, in render_annotated
    return self.render(context)
           ^^^^^^^^^^^^^^^^^^^^
  File "/usr/local/lib/python3.11/site-packages/django/template/defaulttags.py", line 314, in render
    match = condition.eval(context)
            ^^^^^^^^^^^^^^^^^^^^^^^
  File "/usr/local/lib/python3.11/site-packages/django/template/defaulttags.py", line 877, in eval
    return self.value.resolve(context, ignore_failures=True)
           ^^^^^^^^^^^^^^^^^^^^^^^^^^^^^^^^^^^^^^^^^^^^^^^^^
  File "/usr/local/lib/python3.11/site-packages/django/template/base.py", line 715, in resolve
    obj = self.var.resolve(context)
          ^^^^^^^^^^^^^^^^^^^^^^^^^
  File "/usr/local/lib/python3.11/site-packages/django/template/base.py", line 847, in resolve
    value = self._resolve_lookup(context)
            ^^^^^^^^^^^^^^^^^^^^^^^^^^^^^
  File "/usr/local/lib/python3.11/site-packages/django/template/base.py", line 890, in _resolve_lookup
    current = getattr(current, bit)
              ^^^^^^^^^^^^^^^^^^^^^
  File "/app/gestion_espacios_academicos/models.py", line 343, in tamano_archivo_legible
    size = self.archivo_adjunto.size
           ^^^^^^^^^^^^^^^^^^^^^^^^^
  File "/usr/local/lib/python3.11/site-packages/django/db/models/fields/files.py", line 74, in size
    return self.storage.size(self.name)
           ^^^^^^^^^^^^^^^^^^^^^^^^^^^^
  File "/usr/local/lib/python3.11/site-packages/django/core/files/storage/filesystem.py", line 182, in size
    return os.path.getsize(self.path(name))
           ^^^^^^^^^^^^^^^^^^^^^^^^^^^^^^^^
  File "<frozen genericpath>", line 50, in getsize
FileNotFoundError: [Errno 2] No such file or directory: '/app/media/solicitudes/2025/11/reporte_solicitudes_20251121_232034.pdf'
ERROR 2025-11-30 11:30:56,180 basehttp "GET /usuarios/historial/ HTTP/1.1" 500 215395
INFO 2025-11-30 11:30:57,722 basehttp "POST /usuarios/enviar_solicitud/ HTTP/1.1" 302 0
ERROR 2025-11-30 11:35:44,712 log Internal Server Error: /usuarios/historial/
Traceback (most recent call last):
  File "/usr/local/lib/python3.11/site-packages/django/template/base.py", line 880, in _resolve_lookup
    current = current[bit]
              ~~~~~~~^^^^^
TypeError: 'Solicitud' object is not subscriptable

During handling of the above exception, another exception occurred:

Traceback (most recent call last):
  File "/usr/local/lib/python3.11/site-packages/django/core/handlers/exception.py", line 55, in inner
    response = get_response(request)
               ^^^^^^^^^^^^^^^^^^^^^
  File "/usr/local/lib/python3.11/site-packages/django/core/handlers/base.py", line 197, in _get_response
    response = wrapped_callback(request, *callback_args, **callback_kwargs)
               ^^^^^^^^^^^^^^^^^^^^^^^^^^^^^^^^^^^^^^^^^^^^^^^^^^^^^^^^^^^^
  File "/usr/local/lib/python3.11/site-packages/django/contrib/auth/decorators.py", line 23, in _wrapper_view
    return view_func(request, *args, **kwargs)
           ^^^^^^^^^^^^^^^^^^^^^^^^^^^^^^^^^^^
  File "/app/usuarios/views.py", line 1199, in historial_solicitudes
    return render(request, 'usuarios/historial_solicitudes.html', {'solicitudes': solicitudes})
           ^^^^^^^^^^^^^^^^^^^^^^^^^^^^^^^^^^^^^^^^^^^^^^^^^^^^^^^^^^^^^^^^^^^^^^^^^^^^^^^^^^^^
  File "/usr/local/lib/python3.11/site-packages/django/shortcuts.py", line 24, in render
    content = loader.render_to_string(template_name, context, request, using=using)
              ^^^^^^^^^^^^^^^^^^^^^^^^^^^^^^^^^^^^^^^^^^^^^^^^^^^^^^^^^^^^^^^^^^^^^
  File "/usr/local/lib/python3.11/site-packages/django/template/loader.py", line 62, in render_to_string
    return template.render(context, request)
           ^^^^^^^^^^^^^^^^^^^^^^^^^^^^^^^^^
  File "/usr/local/lib/python3.11/site-packages/django/template/backends/django.py", line 61, in render
    return self.template.render(context)
           ^^^^^^^^^^^^^^^^^^^^^^^^^^^^^
  File "/usr/local/lib/python3.11/site-packages/django/template/base.py", line 175, in render
    return self._render(context)
           ^^^^^^^^^^^^^^^^^^^^^
  File "/usr/local/lib/python3.11/site-packages/django/template/base.py", line 167, in _render
    return self.nodelist.render(context)
           ^^^^^^^^^^^^^^^^^^^^^^^^^^^^^
  File "/usr/local/lib/python3.11/site-packages/django/template/base.py", line 1005, in render
    return SafeString("".join([node.render_annotated(context) for node in self]))
                              ^^^^^^^^^^^^^^^^^^^^^^^^^^^^^^^^^^^^^^^^^^^^^^^^^
  File "/usr/local/lib/python3.11/site-packages/django/template/base.py", line 1005, in <listcomp>
    return SafeString("".join([node.render_annotated(context) for node in self]))
                               ^^^^^^^^^^^^^^^^^^^^^^^^^^^^^^
  File "/usr/local/lib/python3.11/site-packages/django/template/base.py", line 966, in render_annotated
    return self.render(context)
           ^^^^^^^^^^^^^^^^^^^^
  File "/usr/local/lib/python3.11/site-packages/django/template/defaulttags.py", line 238, in render
    nodelist.append(node.render_annotated(context))
                    ^^^^^^^^^^^^^^^^^^^^^^^^^^^^^^
  File "/usr/local/lib/python3.11/site-packages/django/template/base.py", line 966, in render_annotated
    return self.render(context)
           ^^^^^^^^^^^^^^^^^^^^
  File "/usr/local/lib/python3.11/site-packages/django/template/defaulttags.py", line 321, in render
    return nodelist.render(context)
           ^^^^^^^^^^^^^^^^^^^^^^^^
  File "/usr/local/lib/python3.11/site-packages/django/template/base.py", line 1005, in render
    return SafeString("".join([node.render_annotated(context) for node in self]))
                              ^^^^^^^^^^^^^^^^^^^^^^^^^^^^^^^^^^^^^^^^^^^^^^^^^
  File "/usr/local/lib/python3.11/site-packages/django/template/base.py", line 1005, in <listcomp>
    return SafeString("".join([node.render_annotated(context) for node in self]))
                               ^^^^^^^^^^^^^^^^^^^^^^^^^^^^^^
  File "/usr/local/lib/python3.11/site-packages/django/template/base.py", line 966, in render_annotated
    return self.render(context)
           ^^^^^^^^^^^^^^^^^^^^
  File "/usr/local/lib/python3.11/site-packages/django/template/defaulttags.py", line 321, in render
    return nodelist.render(context)
           ^^^^^^^^^^^^^^^^^^^^^^^^
  File "/usr/local/lib/python3.11/site-packages/django/template/base.py", line 1005, in render
    return SafeString("".join([node.render_annotated(context) for node in self]))
                              ^^^^^^^^^^^^^^^^^^^^^^^^^^^^^^^^^^^^^^^^^^^^^^^^^
  File "/usr/local/lib/python3.11/site-packages/django/template/base.py", line 1005, in <listcomp>
    return SafeString("".join([node.render_annotated(context) for node in self]))
                               ^^^^^^^^^^^^^^^^^^^^^^^^^^^^^^
  File "/usr/local/lib/python3.11/site-packages/django/template/base.py", line 966, in render_annotated
    return self.render(context)
           ^^^^^^^^^^^^^^^^^^^^
  File "/usr/local/lib/python3.11/site-packages/django/template/defaulttags.py", line 314, in render
    match = condition.eval(context)
            ^^^^^^^^^^^^^^^^^^^^^^^
  File "/usr/local/lib/python3.11/site-packages/django/template/defaulttags.py", line 877, in eval
    return self.value.resolve(context, ignore_failures=True)
           ^^^^^^^^^^^^^^^^^^^^^^^^^^^^^^^^^^^^^^^^^^^^^^^^^
  File "/usr/local/lib/python3.11/site-packages/django/template/base.py", line 715, in resolve
    obj = self.var.resolve(context)
          ^^^^^^^^^^^^^^^^^^^^^^^^^
  File "/usr/local/lib/python3.11/site-packages/django/template/base.py", line 847, in resolve
    value = self._resolve_lookup(context)
            ^^^^^^^^^^^^^^^^^^^^^^^^^^^^^
  File "/usr/local/lib/python3.11/site-packages/django/template/base.py", line 890, in _resolve_lookup
    current = getattr(current, bit)
              ^^^^^^^^^^^^^^^^^^^^^
  File "/app/gestion_espacios_academicos/models.py", line 343, in tamano_archivo_legible
    size = self.archivo_adjunto.size
           ^^^^^^^^^^^^^^^^^^^^^^^^^
  File "/usr/local/lib/python3.11/site-packages/django/db/models/fields/files.py", line 74, in size
    return self.storage.size(self.name)
           ^^^^^^^^^^^^^^^^^^^^^^^^^^^^
  File "/usr/local/lib/python3.11/site-packages/django/core/files/storage/filesystem.py", line 182, in size
    return os.path.getsize(self.path(name))
           ^^^^^^^^^^^^^^^^^^^^^^^^^^^^^^^^
  File "<frozen genericpath>", line 50, in getsize
FileNotFoundError: [Errno 2] No such file or directory: '/app/media/solicitudes/2025/11/reporte_solicitudes_20251121_232034.pdf'
ERROR 2025-11-30 11:35:44,719 basehttp "GET /usuarios/historial/ HTTP/1.1" 500 215526
WARNING 2025-11-30 11:35:44,931 log Not Found: /favicon.ico
WARNING 2025-11-30 11:35:44,932 basehttp "GET /favicon.ico HTTP/1.1" 404 3913
ERROR 2025-11-30 11:35:48,145 log Internal Server Error: /usuarios/historial/
Traceback (most recent call last):
  File "/usr/local/lib/python3.11/site-packages/django/template/base.py", line 880, in _resolve_lookup
    current = current[bit]
              ~~~~~~~^^^^^
TypeError: 'Solicitud' object is not subscriptable

During handling of the above exception, another exception occurred:

Traceback (most recent call last):
  File "/usr/local/lib/python3.11/site-packages/django/core/handlers/exception.py", line 55, in inner
    response = get_response(request)
               ^^^^^^^^^^^^^^^^^^^^^
  File "/usr/local/lib/python3.11/site-packages/django/core/handlers/base.py", line 197, in _get_response
    response = wrapped_callback(request, *callback_args, **callback_kwargs)
               ^^^^^^^^^^^^^^^^^^^^^^^^^^^^^^^^^^^^^^^^^^^^^^^^^^^^^^^^^^^^
  File "/usr/local/lib/python3.11/site-packages/django/contrib/auth/decorators.py", line 23, in _wrapper_view
    return view_func(request, *args, **kwargs)
           ^^^^^^^^^^^^^^^^^^^^^^^^^^^^^^^^^^^
  File "/app/usuarios/views.py", line 1199, in historial_solicitudes
    return render(request, 'usuarios/historial_solicitudes.html', {'solicitudes': solicitudes})
           ^^^^^^^^^^^^^^^^^^^^^^^^^^^^^^^^^^^^^^^^^^^^^^^^^^^^^^^^^^^^^^^^^^^^^^^^^^^^^^^^^^^^
  File "/usr/local/lib/python3.11/site-packages/django/shortcuts.py", line 24, in render
    content = loader.render_to_string(template_name, context, request, using=using)
              ^^^^^^^^^^^^^^^^^^^^^^^^^^^^^^^^^^^^^^^^^^^^^^^^^^^^^^^^^^^^^^^^^^^^^
  File "/usr/local/lib/python3.11/site-packages/django/template/loader.py", line 62, in render_to_string
    return template.render(context, request)
           ^^^^^^^^^^^^^^^^^^^^^^^^^^^^^^^^^
  File "/usr/local/lib/python3.11/site-packages/django/template/backends/django.py", line 61, in render
    return self.template.render(context)
           ^^^^^^^^^^^^^^^^^^^^^^^^^^^^^
  File "/usr/local/lib/python3.11/site-packages/django/template/base.py", line 175, in render
    return self._render(context)
           ^^^^^^^^^^^^^^^^^^^^^
  File "/usr/local/lib/python3.11/site-packages/django/template/base.py", line 167, in _render
    return self.nodelist.render(context)
           ^^^^^^^^^^^^^^^^^^^^^^^^^^^^^
  File "/usr/local/lib/python3.11/site-packages/django/template/base.py", line 1005, in render
    return SafeString("".join([node.render_annotated(context) for node in self]))
                              ^^^^^^^^^^^^^^^^^^^^^^^^^^^^^^^^^^^^^^^^^^^^^^^^^
  File "/usr/local/lib/python3.11/site-packages/django/template/base.py", line 1005, in <listcomp>
    return SafeString("".join([node.render_annotated(context) for node in self]))
                               ^^^^^^^^^^^^^^^^^^^^^^^^^^^^^^
  File "/usr/local/lib/python3.11/site-packages/django/template/base.py", line 966, in render_annotated
    return self.render(context)
           ^^^^^^^^^^^^^^^^^^^^
  File "/usr/local/lib/python3.11/site-packages/django/template/defaulttags.py", line 238, in render
    nodelist.append(node.render_annotated(context))
                    ^^^^^^^^^^^^^^^^^^^^^^^^^^^^^^
  File "/usr/local/lib/python3.11/site-packages/django/template/base.py", line 966, in render_annotated
    return self.render(context)
           ^^^^^^^^^^^^^^^^^^^^
  File "/usr/local/lib/python3.11/site-packages/django/template/defaulttags.py", line 321, in render
    return nodelist.render(context)
           ^^^^^^^^^^^^^^^^^^^^^^^^
  File "/usr/local/lib/python3.11/site-packages/django/template/base.py", line 1005, in render
    return SafeString("".join([node.render_annotated(context) for node in self]))
                              ^^^^^^^^^^^^^^^^^^^^^^^^^^^^^^^^^^^^^^^^^^^^^^^^^
  File "/usr/local/lib/python3.11/site-packages/django/template/base.py", line 1005, in <listcomp>
    return SafeString("".join([node.render_annotated(context) for node in self]))
                               ^^^^^^^^^^^^^^^^^^^^^^^^^^^^^^
  File "/usr/local/lib/python3.11/site-packages/django/template/base.py", line 966, in render_annotated
    return self.render(context)
           ^^^^^^^^^^^^^^^^^^^^
  File "/usr/local/lib/python3.11/site-packages/django/template/defaulttags.py", line 321, in render
    return nodelist.render(context)
           ^^^^^^^^^^^^^^^^^^^^^^^^
  File "/usr/local/lib/python3.11/site-packages/django/template/base.py", line 1005, in render
    return SafeString("".join([node.render_annotated(context) for node in self]))
                              ^^^^^^^^^^^^^^^^^^^^^^^^^^^^^^^^^^^^^^^^^^^^^^^^^
  File "/usr/local/lib/python3.11/site-packages/django/template/base.py", line 1005, in <listcomp>
    return SafeString("".join([node.render_annotated(context) for node in self]))
                               ^^^^^^^^^^^^^^^^^^^^^^^^^^^^^^
  File "/usr/local/lib/python3.11/site-packages/django/template/base.py", line 966, in render_annotated
    return self.render(context)
           ^^^^^^^^^^^^^^^^^^^^
  File "/usr/local/lib/python3.11/site-packages/django/template/defaulttags.py", line 314, in render
    match = condition.eval(context)
            ^^^^^^^^^^^^^^^^^^^^^^^
  File "/usr/local/lib/python3.11/site-packages/django/template/defaulttags.py", line 877, in eval
    return self.value.resolve(context, ignore_failures=True)
           ^^^^^^^^^^^^^^^^^^^^^^^^^^^^^^^^^^^^^^^^^^^^^^^^^
  File "/usr/local/lib/python3.11/site-packages/django/template/base.py", line 715, in resolve
    obj = self.var.resolve(context)
          ^^^^^^^^^^^^^^^^^^^^^^^^^
  File "/usr/local/lib/python3.11/site-packages/django/template/base.py", line 847, in resolve
    value = self._resolve_lookup(context)
            ^^^^^^^^^^^^^^^^^^^^^^^^^^^^^
  File "/usr/local/lib/python3.11/site-packages/django/template/base.py", line 890, in _resolve_lookup
    current = getattr(current, bit)
              ^^^^^^^^^^^^^^^^^^^^^
  File "/app/gestion_espacios_academicos/models.py", line 343, in tamano_archivo_legible
    size = self.archivo_adjunto.size
           ^^^^^^^^^^^^^^^^^^^^^^^^^
  File "/usr/local/lib/python3.11/site-packages/django/db/models/fields/files.py", line 74, in size
    return self.storage.size(self.name)
           ^^^^^^^^^^^^^^^^^^^^^^^^^^^^
  File "/usr/local/lib/python3.11/site-packages/django/core/files/storage/filesystem.py", line 182, in size
    return os.path.getsize(self.path(name))
           ^^^^^^^^^^^^^^^^^^^^^^^^^^^^^^^^
  File "<frozen genericpath>", line 50, in getsize
FileNotFoundError: [Errno 2] No such file or directory: '/app/media/solicitudes/2025/11/reporte_solicitudes_20251121_232034.pdf'
ERROR 2025-11-30 11:35:48,152 basehttp "GET /usuarios/historial/ HTTP/1.1" 500 215398
ERROR 2025-11-30 11:35:48,880 log Internal Server Error: /usuarios/historial/
Traceback (most recent call last):
  File "/usr/local/lib/python3.11/site-packages/django/template/base.py", line 880, in _resolve_lookup
    current = current[bit]
              ~~~~~~~^^^^^
TypeError: 'Solicitud' object is not subscriptable

During handling of the above exception, another exception occurred:

Traceback (most recent call last):
  File "/usr/local/lib/python3.11/site-packages/django/core/handlers/exception.py", line 55, in inner
    response = get_response(request)
               ^^^^^^^^^^^^^^^^^^^^^
  File "/usr/local/lib/python3.11/site-packages/django/core/handlers/base.py", line 197, in _get_response
    response = wrapped_callback(request, *callback_args, **callback_kwargs)
               ^^^^^^^^^^^^^^^^^^^^^^^^^^^^^^^^^^^^^^^^^^^^^^^^^^^^^^^^^^^^
  File "/usr/local/lib/python3.11/site-packages/django/contrib/auth/decorators.py", line 23, in _wrapper_view
    return view_func(request, *args, **kwargs)
           ^^^^^^^^^^^^^^^^^^^^^^^^^^^^^^^^^^^
  File "/app/usuarios/views.py", line 1199, in historial_solicitudes
    return render(request, 'usuarios/historial_solicitudes.html', {'solicitudes': solicitudes})
           ^^^^^^^^^^^^^^^^^^^^^^^^^^^^^^^^^^^^^^^^^^^^^^^^^^^^^^^^^^^^^^^^^^^^^^^^^^^^^^^^^^^^
  File "/usr/local/lib/python3.11/site-packages/django/shortcuts.py", line 24, in render
    content = loader.render_to_string(template_name, context, request, using=using)
              ^^^^^^^^^^^^^^^^^^^^^^^^^^^^^^^^^^^^^^^^^^^^^^^^^^^^^^^^^^^^^^^^^^^^^
  File "/usr/local/lib/python3.11/site-packages/django/template/loader.py", line 62, in render_to_string
    return template.render(context, request)
           ^^^^^^^^^^^^^^^^^^^^^^^^^^^^^^^^^
  File "/usr/local/lib/python3.11/site-packages/django/template/backends/django.py", line 61, in render
    return self.template.render(context)
           ^^^^^^^^^^^^^^^^^^^^^^^^^^^^^
  File "/usr/local/lib/python3.11/site-packages/django/template/base.py", line 175, in render
    return self._render(context)
           ^^^^^^^^^^^^^^^^^^^^^
  File "/usr/local/lib/python3.11/site-packages/django/template/base.py", line 167, in _render
    return self.nodelist.render(context)
           ^^^^^^^^^^^^^^^^^^^^^^^^^^^^^
  File "/usr/local/lib/python3.11/site-packages/django/template/base.py", line 1005, in render
    return SafeString("".join([node.render_annotated(context) for node in self]))
                              ^^^^^^^^^^^^^^^^^^^^^^^^^^^^^^^^^^^^^^^^^^^^^^^^^
  File "/usr/local/lib/python3.11/site-packages/django/template/base.py", line 1005, in <listcomp>
    return SafeString("".join([node.render_annotated(context) for node in self]))
                               ^^^^^^^^^^^^^^^^^^^^^^^^^^^^^^
  File "/usr/local/lib/python3.11/site-packages/django/template/base.py", line 966, in render_annotated
    return self.render(context)
           ^^^^^^^^^^^^^^^^^^^^
  File "/usr/local/lib/python3.11/site-packages/django/template/defaulttags.py", line 238, in render
    nodelist.append(node.render_annotated(context))
                    ^^^^^^^^^^^^^^^^^^^^^^^^^^^^^^
  File "/usr/local/lib/python3.11/site-packages/django/template/base.py", line 966, in render_annotated
    return self.render(context)
           ^^^^^^^^^^^^^^^^^^^^
  File "/usr/local/lib/python3.11/site-packages/django/template/defaulttags.py", line 321, in render
    return nodelist.render(context)
           ^^^^^^^^^^^^^^^^^^^^^^^^
  File "/usr/local/lib/python3.11/site-packages/django/template/base.py", line 1005, in render
    return SafeString("".join([node.render_annotated(context) for node in self]))
                              ^^^^^^^^^^^^^^^^^^^^^^^^^^^^^^^^^^^^^^^^^^^^^^^^^
  File "/usr/local/lib/python3.11/site-packages/django/template/base.py", line 1005, in <listcomp>
    return SafeString("".join([node.render_annotated(context) for node in self]))
                               ^^^^^^^^^^^^^^^^^^^^^^^^^^^^^^
  File "/usr/local/lib/python3.11/site-packages/django/template/base.py", line 966, in render_annotated
    return self.render(context)
           ^^^^^^^^^^^^^^^^^^^^
  File "/usr/local/lib/python3.11/site-packages/django/template/defaulttags.py", line 321, in render
    return nodelist.render(context)
           ^^^^^^^^^^^^^^^^^^^^^^^^
  File "/usr/local/lib/python3.11/site-packages/django/template/base.py", line 1005, in render
    return SafeString("".join([node.render_annotated(context) for node in self]))
                              ^^^^^^^^^^^^^^^^^^^^^^^^^^^^^^^^^^^^^^^^^^^^^^^^^
  File "/usr/local/lib/python3.11/site-packages/django/template/base.py", line 1005, in <listcomp>
    return SafeString("".join([node.render_annotated(context) for node in self]))
                               ^^^^^^^^^^^^^^^^^^^^^^^^^^^^^^
  File "/usr/local/lib/python3.11/site-packages/django/template/base.py", line 966, in render_annotated
    return self.render(context)
           ^^^^^^^^^^^^^^^^^^^^
  File "/usr/local/lib/python3.11/site-packages/django/template/defaulttags.py", line 314, in render
    match = condition.eval(context)
            ^^^^^^^^^^^^^^^^^^^^^^^
  File "/usr/local/lib/python3.11/site-packages/django/template/defaulttags.py", line 877, in eval
    return self.value.resolve(context, ignore_failures=True)
           ^^^^^^^^^^^^^^^^^^^^^^^^^^^^^^^^^^^^^^^^^^^^^^^^^
  File "/usr/local/lib/python3.11/site-packages/django/template/base.py", line 715, in resolve
    obj = self.var.resolve(context)
          ^^^^^^^^^^^^^^^^^^^^^^^^^
  File "/usr/local/lib/python3.11/site-packages/django/template/base.py", line 847, in resolve
    value = self._resolve_lookup(context)
            ^^^^^^^^^^^^^^^^^^^^^^^^^^^^^
  File "/usr/local/lib/python3.11/site-packages/django/template/base.py", line 890, in _resolve_lookup
    current = getattr(current, bit)
              ^^^^^^^^^^^^^^^^^^^^^
  File "/app/gestion_espacios_academicos/models.py", line 343, in tamano_archivo_legible
    size = self.archivo_adjunto.size
           ^^^^^^^^^^^^^^^^^^^^^^^^^
  File "/usr/local/lib/python3.11/site-packages/django/db/models/fields/files.py", line 74, in size
    return self.storage.size(self.name)
           ^^^^^^^^^^^^^^^^^^^^^^^^^^^^
  File "/usr/local/lib/python3.11/site-packages/django/core/files/storage/filesystem.py", line 182, in size
    return os.path.getsize(self.path(name))
           ^^^^^^^^^^^^^^^^^^^^^^^^^^^^^^^^
  File "<frozen genericpath>", line 50, in getsize
FileNotFoundError: [Errno 2] No such file or directory: '/app/media/solicitudes/2025/11/reporte_solicitudes_20251121_232034.pdf'
ERROR 2025-11-30 11:35:48,885 basehttp "GET /usuarios/historial/ HTTP/1.1" 500 215398
ERROR 2025-11-30 11:35:49,455 log Internal Server Error: /usuarios/historial/
Traceback (most recent call last):
  File "/usr/local/lib/python3.11/site-packages/django/template/base.py", line 880, in _resolve_lookup
    current = current[bit]
              ~~~~~~~^^^^^
TypeError: 'Solicitud' object is not subscriptable

During handling of the above exception, another exception occurred:

Traceback (most recent call last):
  File "/usr/local/lib/python3.11/site-packages/django/core/handlers/exception.py", line 55, in inner
    response = get_response(request)
               ^^^^^^^^^^^^^^^^^^^^^
  File "/usr/local/lib/python3.11/site-packages/django/core/handlers/base.py", line 197, in _get_response
    response = wrapped_callback(request, *callback_args, **callback_kwargs)
               ^^^^^^^^^^^^^^^^^^^^^^^^^^^^^^^^^^^^^^^^^^^^^^^^^^^^^^^^^^^^
  File "/usr/local/lib/python3.11/site-packages/django/contrib/auth/decorators.py", line 23, in _wrapper_view
    return view_func(request, *args, **kwargs)
           ^^^^^^^^^^^^^^^^^^^^^^^^^^^^^^^^^^^
  File "/app/usuarios/views.py", line 1199, in historial_solicitudes
    return render(request, 'usuarios/historial_solicitudes.html', {'solicitudes': solicitudes})
           ^^^^^^^^^^^^^^^^^^^^^^^^^^^^^^^^^^^^^^^^^^^^^^^^^^^^^^^^^^^^^^^^^^^^^^^^^^^^^^^^^^^^
  File "/usr/local/lib/python3.11/site-packages/django/shortcuts.py", line 24, in render
    content = loader.render_to_string(template_name, context, request, using=using)
              ^^^^^^^^^^^^^^^^^^^^^^^^^^^^^^^^^^^^^^^^^^^^^^^^^^^^^^^^^^^^^^^^^^^^^
  File "/usr/local/lib/python3.11/site-packages/django/template/loader.py", line 62, in render_to_string
    return template.render(context, request)
           ^^^^^^^^^^^^^^^^^^^^^^^^^^^^^^^^^
  File "/usr/local/lib/python3.11/site-packages/django/template/backends/django.py", line 61, in render
    return self.template.render(context)
           ^^^^^^^^^^^^^^^^^^^^^^^^^^^^^
  File "/usr/local/lib/python3.11/site-packages/django/template/base.py", line 175, in render
    return self._render(context)
           ^^^^^^^^^^^^^^^^^^^^^
  File "/usr/local/lib/python3.11/site-packages/django/template/base.py", line 167, in _render
    return self.nodelist.render(context)
           ^^^^^^^^^^^^^^^^^^^^^^^^^^^^^
  File "/usr/local/lib/python3.11/site-packages/django/template/base.py", line 1005, in render
    return SafeString("".join([node.render_annotated(context) for node in self]))
                              ^^^^^^^^^^^^^^^^^^^^^^^^^^^^^^^^^^^^^^^^^^^^^^^^^
  File "/usr/local/lib/python3.11/site-packages/django/template/base.py", line 1005, in <listcomp>
    return SafeString("".join([node.render_annotated(context) for node in self]))
                               ^^^^^^^^^^^^^^^^^^^^^^^^^^^^^^
  File "/usr/local/lib/python3.11/site-packages/django/template/base.py", line 966, in render_annotated
    return self.render(context)
           ^^^^^^^^^^^^^^^^^^^^
  File "/usr/local/lib/python3.11/site-packages/django/template/defaulttags.py", line 238, in render
    nodelist.append(node.render_annotated(context))
                    ^^^^^^^^^^^^^^^^^^^^^^^^^^^^^^
  File "/usr/local/lib/python3.11/site-packages/django/template/base.py", line 966, in render_annotated
    return self.render(context)
           ^^^^^^^^^^^^^^^^^^^^
  File "/usr/local/lib/python3.11/site-packages/django/template/defaulttags.py", line 321, in render
    return nodelist.render(context)
           ^^^^^^^^^^^^^^^^^^^^^^^^
  File "/usr/local/lib/python3.11/site-packages/django/template/base.py", line 1005, in render
    return SafeString("".join([node.render_annotated(context) for node in self]))
                              ^^^^^^^^^^^^^^^^^^^^^^^^^^^^^^^^^^^^^^^^^^^^^^^^^
  File "/usr/local/lib/python3.11/site-packages/django/template/base.py", line 1005, in <listcomp>
    return SafeString("".join([node.render_annotated(context) for node in self]))
                               ^^^^^^^^^^^^^^^^^^^^^^^^^^^^^^
  File "/usr/local/lib/python3.11/site-packages/django/template/base.py", line 966, in render_annotated
    return self.render(context)
           ^^^^^^^^^^^^^^^^^^^^
  File "/usr/local/lib/python3.11/site-packages/django/template/defaulttags.py", line 321, in render
    return nodelist.render(context)
           ^^^^^^^^^^^^^^^^^^^^^^^^
  File "/usr/local/lib/python3.11/site-packages/django/template/base.py", line 1005, in render
    return SafeString("".join([node.render_annotated(context) for node in self]))
                              ^^^^^^^^^^^^^^^^^^^^^^^^^^^^^^^^^^^^^^^^^^^^^^^^^
  File "/usr/local/lib/python3.11/site-packages/django/template/base.py", line 1005, in <listcomp>
    return SafeString("".join([node.render_annotated(context) for node in self]))
                               ^^^^^^^^^^^^^^^^^^^^^^^^^^^^^^
  File "/usr/local/lib/python3.11/site-packages/django/template/base.py", line 966, in render_annotated
    return self.render(context)
           ^^^^^^^^^^^^^^^^^^^^
  File "/usr/local/lib/python3.11/site-packages/django/template/defaulttags.py", line 314, in render
    match = condition.eval(context)
            ^^^^^^^^^^^^^^^^^^^^^^^
  File "/usr/local/lib/python3.11/site-packages/django/template/defaulttags.py", line 877, in eval
    return self.value.resolve(context, ignore_failures=True)
           ^^^^^^^^^^^^^^^^^^^^^^^^^^^^^^^^^^^^^^^^^^^^^^^^^
  File "/usr/local/lib/python3.11/site-packages/django/template/base.py", line 715, in resolve
    obj = self.var.resolve(context)
          ^^^^^^^^^^^^^^^^^^^^^^^^^
  File "/usr/local/lib/python3.11/site-packages/django/template/base.py", line 847, in resolve
    value = self._resolve_lookup(context)
            ^^^^^^^^^^^^^^^^^^^^^^^^^^^^^
  File "/usr/local/lib/python3.11/site-packages/django/template/base.py", line 890, in _resolve_lookup
    current = getattr(current, bit)
              ^^^^^^^^^^^^^^^^^^^^^
  File "/app/gestion_espacios_academicos/models.py", line 343, in tamano_archivo_legible
    size = self.archivo_adjunto.size
           ^^^^^^^^^^^^^^^^^^^^^^^^^
  File "/usr/local/lib/python3.11/site-packages/django/db/models/fields/files.py", line 74, in size
    return self.storage.size(self.name)
           ^^^^^^^^^^^^^^^^^^^^^^^^^^^^
  File "/usr/local/lib/python3.11/site-packages/django/core/files/storage/filesystem.py", line 182, in size
    return os.path.getsize(self.path(name))
           ^^^^^^^^^^^^^^^^^^^^^^^^^^^^^^^^
  File "<frozen genericpath>", line 50, in getsize
FileNotFoundError: [Errno 2] No such file or directory: '/app/media/solicitudes/2025/11/reporte_solicitudes_20251121_232034.pdf'
ERROR 2025-11-30 11:35:49,464 basehttp "GET /usuarios/historial/ HTTP/1.1" 500 215398
INFO 2025-11-30 11:35:52,040 basehttp "GET /usuarios/enviar_solicitud/ HTTP/1.1" 200 10545
INFO 2025-11-30 11:35:53,269 basehttp "GET /usuarios/ HTTP/1.1" 200 5675
INFO 2025-11-30 11:35:53,328 basehttp "GET /usuarios/api/eventos-usuario/ HTTP/1.1" 200 314
INFO 2025-11-30 11:35:54,465 basehttp "GET /usuarios/ HTTP/1.1" 200 5675
INFO 2025-11-30 11:35:54,491 basehttp "GET /static/js/scripts.js HTTP/1.1" 200 13739
INFO 2025-11-30 11:35:54,498 basehttp "GET /static/js/calendario.js HTTP/1.1" 200 8755
INFO 2025-11-30 11:35:54,500 basehttp "GET /static/css/base.css HTTP/1.1" 200 34516
INFO 2025-11-30 11:35:54,815 basehttp "GET /usuarios/api/eventos-usuario/ HTTP/1.1" 200 314
WARNING 2025-11-30 11:35:55,959 log Not Found: /favicon.ico
WARNING 2025-11-30 11:35:55,961 basehttp "GET /favicon.ico HTTP/1.1" 404 3913
INFO 2025-11-30 11:35:57,052 basehttp "GET /usuarios/enviar_solicitud/ HTTP/1.1" 200 10278
WARNING 2025-11-30 11:36:22,347 log Forbidden (CSRF token from the 'X-Csrftoken' HTTP header incorrect.): /usuarios/verificar-conflictos/
WARNING 2025-11-30 11:36:22,350 basehttp "POST /usuarios/verificar-conflictos/ HTTP/1.1" 403 2564
INFO 2025-11-30 11:36:26,345 basehttp "POST /usuarios/enviar_solicitud/ HTTP/1.1" 302 0
ERROR 2025-11-30 11:36:26,440 log Internal Server Error: /usuarios/historial/
Traceback (most recent call last):
  File "/usr/local/lib/python3.11/site-packages/django/template/base.py", line 880, in _resolve_lookup
    current = current[bit]
              ~~~~~~~^^^^^
TypeError: 'Solicitud' object is not subscriptable

During handling of the above exception, another exception occurred:

Traceback (most recent call last):
  File "/usr/local/lib/python3.11/site-packages/django/core/handlers/exception.py", line 55, in inner
    response = get_response(request)
               ^^^^^^^^^^^^^^^^^^^^^
  File "/usr/local/lib/python3.11/site-packages/django/core/handlers/base.py", line 197, in _get_response
    response = wrapped_callback(request, *callback_args, **callback_kwargs)
               ^^^^^^^^^^^^^^^^^^^^^^^^^^^^^^^^^^^^^^^^^^^^^^^^^^^^^^^^^^^^
  File "/usr/local/lib/python3.11/site-packages/django/contrib/auth/decorators.py", line 23, in _wrapper_view
    return view_func(request, *args, **kwargs)
           ^^^^^^^^^^^^^^^^^^^^^^^^^^^^^^^^^^^
  File "/app/usuarios/views.py", line 1199, in historial_solicitudes
    return render(request, 'usuarios/historial_solicitudes.html', {'solicitudes': solicitudes})
           ^^^^^^^^^^^^^^^^^^^^^^^^^^^^^^^^^^^^^^^^^^^^^^^^^^^^^^^^^^^^^^^^^^^^^^^^^^^^^^^^^^^^
  File "/usr/local/lib/python3.11/site-packages/django/shortcuts.py", line 24, in render
    content = loader.render_to_string(template_name, context, request, using=using)
              ^^^^^^^^^^^^^^^^^^^^^^^^^^^^^^^^^^^^^^^^^^^^^^^^^^^^^^^^^^^^^^^^^^^^^
  File "/usr/local/lib/python3.11/site-packages/django/template/loader.py", line 62, in render_to_string
    return template.render(context, request)
           ^^^^^^^^^^^^^^^^^^^^^^^^^^^^^^^^^
  File "/usr/local/lib/python3.11/site-packages/django/template/backends/django.py", line 61, in render
    return self.template.render(context)
           ^^^^^^^^^^^^^^^^^^^^^^^^^^^^^
  File "/usr/local/lib/python3.11/site-packages/django/template/base.py", line 175, in render
    return self._render(context)
           ^^^^^^^^^^^^^^^^^^^^^
  File "/usr/local/lib/python3.11/site-packages/django/template/base.py", line 167, in _render
    return self.nodelist.render(context)
           ^^^^^^^^^^^^^^^^^^^^^^^^^^^^^
  File "/usr/local/lib/python3.11/site-packages/django/template/base.py", line 1005, in render
    return SafeString("".join([node.render_annotated(context) for node in self]))
                              ^^^^^^^^^^^^^^^^^^^^^^^^^^^^^^^^^^^^^^^^^^^^^^^^^
  File "/usr/local/lib/python3.11/site-packages/django/template/base.py", line 1005, in <listcomp>
    return SafeString("".join([node.render_annotated(context) for node in self]))
                               ^^^^^^^^^^^^^^^^^^^^^^^^^^^^^^
  File "/usr/local/lib/python3.11/site-packages/django/template/base.py", line 966, in render_annotated
    return self.render(context)
           ^^^^^^^^^^^^^^^^^^^^
  File "/usr/local/lib/python3.11/site-packages/django/template/defaulttags.py", line 238, in render
    nodelist.append(node.render_annotated(context))
                    ^^^^^^^^^^^^^^^^^^^^^^^^^^^^^^
  File "/usr/local/lib/python3.11/site-packages/django/template/base.py", line 966, in render_annotated
    return self.render(context)
           ^^^^^^^^^^^^^^^^^^^^
  File "/usr/local/lib/python3.11/site-packages/django/template/defaulttags.py", line 321, in render
    return nodelist.render(context)
           ^^^^^^^^^^^^^^^^^^^^^^^^
  File "/usr/local/lib/python3.11/site-packages/django/template/base.py", line 1005, in render
    return SafeString("".join([node.render_annotated(context) for node in self]))
                              ^^^^^^^^^^^^^^^^^^^^^^^^^^^^^^^^^^^^^^^^^^^^^^^^^
  File "/usr/local/lib/python3.11/site-packages/django/template/base.py", line 1005, in <listcomp>
    return SafeString("".join([node.render_annotated(context) for node in self]))
                               ^^^^^^^^^^^^^^^^^^^^^^^^^^^^^^
  File "/usr/local/lib/python3.11/site-packages/django/template/base.py", line 966, in render_annotated
    return self.render(context)
           ^^^^^^^^^^^^^^^^^^^^
  File "/usr/local/lib/python3.11/site-packages/django/template/defaulttags.py", line 321, in render
    return nodelist.render(context)
           ^^^^^^^^^^^^^^^^^^^^^^^^
  File "/usr/local/lib/python3.11/site-packages/django/template/base.py", line 1005, in render
    return SafeString("".join([node.render_annotated(context) for node in self]))
                              ^^^^^^^^^^^^^^^^^^^^^^^^^^^^^^^^^^^^^^^^^^^^^^^^^
  File "/usr/local/lib/python3.11/site-packages/django/template/base.py", line 1005, in <listcomp>
    return SafeString("".join([node.render_annotated(context) for node in self]))
                               ^^^^^^^^^^^^^^^^^^^^^^^^^^^^^^
  File "/usr/local/lib/python3.11/site-packages/django/template/base.py", line 966, in render_annotated
    return self.render(context)
           ^^^^^^^^^^^^^^^^^^^^
  File "/usr/local/lib/python3.11/site-packages/django/template/defaulttags.py", line 314, in render
    match = condition.eval(context)
            ^^^^^^^^^^^^^^^^^^^^^^^
  File "/usr/local/lib/python3.11/site-packages/django/template/defaulttags.py", line 877, in eval
    return self.value.resolve(context, ignore_failures=True)
           ^^^^^^^^^^^^^^^^^^^^^^^^^^^^^^^^^^^^^^^^^^^^^^^^^
  File "/usr/local/lib/python3.11/site-packages/django/template/base.py", line 715, in resolve
    obj = self.var.resolve(context)
          ^^^^^^^^^^^^^^^^^^^^^^^^^
  File "/usr/local/lib/python3.11/site-packages/django/template/base.py", line 847, in resolve
    value = self._resolve_lookup(context)
            ^^^^^^^^^^^^^^^^^^^^^^^^^^^^^
  File "/usr/local/lib/python3.11/site-packages/django/template/base.py", line 890, in _resolve_lookup
    current = getattr(current, bit)
              ^^^^^^^^^^^^^^^^^^^^^
  File "/app/gestion_espacios_academicos/models.py", line 343, in tamano_archivo_legible
    size = self.archivo_adjunto.size
           ^^^^^^^^^^^^^^^^^^^^^^^^^
  File "/usr/local/lib/python3.11/site-packages/django/db/models/fields/files.py", line 74, in size
    return self.storage.size(self.name)
           ^^^^^^^^^^^^^^^^^^^^^^^^^^^^
  File "/usr/local/lib/python3.11/site-packages/django/core/files/storage/filesystem.py", line 182, in size
    return os.path.getsize(self.path(name))
           ^^^^^^^^^^^^^^^^^^^^^^^^^^^^^^^^
  File "<frozen genericpath>", line 50, in getsize
FileNotFoundError: [Errno 2] No such file or directory: '/app/media/solicitudes/2025/11/reporte_solicitudes_20251121_232034.pdf'
ERROR 2025-11-30 11:36:26,448 basehttp "GET /usuarios/historial/ HTTP/1.1" 500 217227
INFO 2025-11-30 11:36:31,027 basehttp "POST /usuarios/enviar_solicitud/ HTTP/1.1" 302 0
ERROR 2025-11-30 11:38:00,349 log Internal Server Error: /usuarios/historial/
Traceback (most recent call last):
  File "/usr/local/lib/python3.11/site-packages/django/template/base.py", line 880, in _resolve_lookup
    current = current[bit]
              ~~~~~~~^^^^^
TypeError: 'Solicitud' object is not subscriptable

During handling of the above exception, another exception occurred:

Traceback (most recent call last):
  File "/usr/local/lib/python3.11/site-packages/django/core/handlers/exception.py", line 55, in inner
    response = get_response(request)
               ^^^^^^^^^^^^^^^^^^^^^
  File "/usr/local/lib/python3.11/site-packages/django/core/handlers/base.py", line 197, in _get_response
    response = wrapped_callback(request, *callback_args, **callback_kwargs)
               ^^^^^^^^^^^^^^^^^^^^^^^^^^^^^^^^^^^^^^^^^^^^^^^^^^^^^^^^^^^^
  File "/usr/local/lib/python3.11/site-packages/django/contrib/auth/decorators.py", line 23, in _wrapper_view
    return view_func(request, *args, **kwargs)
           ^^^^^^^^^^^^^^^^^^^^^^^^^^^^^^^^^^^
  File "/app/usuarios/views.py", line 1199, in historial_solicitudes
    return render(request, 'usuarios/historial_solicitudes.html', {'solicitudes': solicitudes})
           ^^^^^^^^^^^^^^^^^^^^^^^^^^^^^^^^^^^^^^^^^^^^^^^^^^^^^^^^^^^^^^^^^^^^^^^^^^^^^^^^^^^^
  File "/usr/local/lib/python3.11/site-packages/django/shortcuts.py", line 24, in render
    content = loader.render_to_string(template_name, context, request, using=using)
              ^^^^^^^^^^^^^^^^^^^^^^^^^^^^^^^^^^^^^^^^^^^^^^^^^^^^^^^^^^^^^^^^^^^^^
  File "/usr/local/lib/python3.11/site-packages/django/template/loader.py", line 62, in render_to_string
    return template.render(context, request)
           ^^^^^^^^^^^^^^^^^^^^^^^^^^^^^^^^^
  File "/usr/local/lib/python3.11/site-packages/django/template/backends/django.py", line 61, in render
    return self.template.render(context)
           ^^^^^^^^^^^^^^^^^^^^^^^^^^^^^
  File "/usr/local/lib/python3.11/site-packages/django/template/base.py", line 175, in render
    return self._render(context)
           ^^^^^^^^^^^^^^^^^^^^^
  File "/usr/local/lib/python3.11/site-packages/django/template/base.py", line 167, in _render
    return self.nodelist.render(context)
           ^^^^^^^^^^^^^^^^^^^^^^^^^^^^^
  File "/usr/local/lib/python3.11/site-packages/django/template/base.py", line 1005, in render
    return SafeString("".join([node.render_annotated(context) for node in self]))
                              ^^^^^^^^^^^^^^^^^^^^^^^^^^^^^^^^^^^^^^^^^^^^^^^^^
  File "/usr/local/lib/python3.11/site-packages/django/template/base.py", line 1005, in <listcomp>
    return SafeString("".join([node.render_annotated(context) for node in self]))
                               ^^^^^^^^^^^^^^^^^^^^^^^^^^^^^^
  File "/usr/local/lib/python3.11/site-packages/django/template/base.py", line 966, in render_annotated
    return self.render(context)
           ^^^^^^^^^^^^^^^^^^^^
  File "/usr/local/lib/python3.11/site-packages/django/template/defaulttags.py", line 238, in render
    nodelist.append(node.render_annotated(context))
                    ^^^^^^^^^^^^^^^^^^^^^^^^^^^^^^
  File "/usr/local/lib/python3.11/site-packages/django/template/base.py", line 966, in render_annotated
    return self.render(context)
           ^^^^^^^^^^^^^^^^^^^^
  File "/usr/local/lib/python3.11/site-packages/django/template/defaulttags.py", line 321, in render
    return nodelist.render(context)
           ^^^^^^^^^^^^^^^^^^^^^^^^
  File "/usr/local/lib/python3.11/site-packages/django/template/base.py", line 1005, in render
    return SafeString("".join([node.render_annotated(context) for node in self]))
                              ^^^^^^^^^^^^^^^^^^^^^^^^^^^^^^^^^^^^^^^^^^^^^^^^^
  File "/usr/local/lib/python3.11/site-packages/django/template/base.py", line 1005, in <listcomp>
    return SafeString("".join([node.render_annotated(context) for node in self]))
                               ^^^^^^^^^^^^^^^^^^^^^^^^^^^^^^
  File "/usr/local/lib/python3.11/site-packages/django/template/base.py", line 966, in render_annotated
    return self.render(context)
           ^^^^^^^^^^^^^^^^^^^^
  File "/usr/local/lib/python3.11/site-packages/django/template/defaulttags.py", line 321, in render
    return nodelist.render(context)
           ^^^^^^^^^^^^^^^^^^^^^^^^
  File "/usr/local/lib/python3.11/site-packages/django/template/base.py", line 1005, in render
    return SafeString("".join([node.render_annotated(context) for node in self]))
                              ^^^^^^^^^^^^^^^^^^^^^^^^^^^^^^^^^^^^^^^^^^^^^^^^^
  File "/usr/local/lib/python3.11/site-packages/django/template/base.py", line 1005, in <listcomp>
    return SafeString("".join([node.render_annotated(context) for node in self]))
                               ^^^^^^^^^^^^^^^^^^^^^^^^^^^^^^
  File "/usr/local/lib/python3.11/site-packages/django/template/base.py", line 966, in render_annotated
    return self.render(context)
           ^^^^^^^^^^^^^^^^^^^^
  File "/usr/local/lib/python3.11/site-packages/django/template/defaulttags.py", line 314, in render
    match = condition.eval(context)
            ^^^^^^^^^^^^^^^^^^^^^^^
  File "/usr/local/lib/python3.11/site-packages/django/template/defaulttags.py", line 877, in eval
    return self.value.resolve(context, ignore_failures=True)
           ^^^^^^^^^^^^^^^^^^^^^^^^^^^^^^^^^^^^^^^^^^^^^^^^^
  File "/usr/local/lib/python3.11/site-packages/django/template/base.py", line 715, in resolve
    obj = self.var.resolve(context)
          ^^^^^^^^^^^^^^^^^^^^^^^^^
  File "/usr/local/lib/python3.11/site-packages/django/template/base.py", line 847, in resolve
    value = self._resolve_lookup(context)
            ^^^^^^^^^^^^^^^^^^^^^^^^^^^^^
  File "/usr/local/lib/python3.11/site-packages/django/template/base.py", line 890, in _resolve_lookup
    current = getattr(current, bit)
              ^^^^^^^^^^^^^^^^^^^^^
  File "/app/gestion_espacios_academicos/models.py", line 343, in tamano_archivo_legible
    size = self.archivo_adjunto.size
           ^^^^^^^^^^^^^^^^^^^^^^^^^
  File "/usr/local/lib/python3.11/site-packages/django/db/models/fields/files.py", line 74, in size
    return self.storage.size(self.name)
           ^^^^^^^^^^^^^^^^^^^^^^^^^^^^
  File "/usr/local/lib/python3.11/site-packages/django/core/files/storage/filesystem.py", line 182, in size
    return os.path.getsize(self.path(name))
           ^^^^^^^^^^^^^^^^^^^^^^^^^^^^^^^^
  File "<frozen genericpath>", line 50, in getsize
FileNotFoundError: [Errno 2] No such file or directory: '/app/media/solicitudes/2025/11/sala_audiovisual._carta_decanatura.jpg'
ERROR 2025-11-30 11:38:00,356 basehttp "GET /usuarios/historial/ HTTP/1.1" 500 217372
WARNING 2025-11-30 11:38:00,459 log Not Found: /favicon.ico
WARNING 2025-11-30 11:38:00,460 basehttp "GET /favicon.ico HTTP/1.1" 404 3913
ERROR 2025-11-30 11:38:02,292 log Internal Server Error: /usuarios/historial/
Traceback (most recent call last):
  File "/usr/local/lib/python3.11/site-packages/django/template/base.py", line 880, in _resolve_lookup
    current = current[bit]
              ~~~~~~~^^^^^
TypeError: 'Solicitud' object is not subscriptable

During handling of the above exception, another exception occurred:

Traceback (most recent call last):
  File "/usr/local/lib/python3.11/site-packages/django/core/handlers/exception.py", line 55, in inner
    response = get_response(request)
               ^^^^^^^^^^^^^^^^^^^^^
  File "/usr/local/lib/python3.11/site-packages/django/core/handlers/base.py", line 197, in _get_response
    response = wrapped_callback(request, *callback_args, **callback_kwargs)
               ^^^^^^^^^^^^^^^^^^^^^^^^^^^^^^^^^^^^^^^^^^^^^^^^^^^^^^^^^^^^
  File "/usr/local/lib/python3.11/site-packages/django/contrib/auth/decorators.py", line 23, in _wrapper_view
    return view_func(request, *args, **kwargs)
           ^^^^^^^^^^^^^^^^^^^^^^^^^^^^^^^^^^^
  File "/app/usuarios/views.py", line 1199, in historial_solicitudes
    return render(request, 'usuarios/historial_solicitudes.html', {'solicitudes': solicitudes})
           ^^^^^^^^^^^^^^^^^^^^^^^^^^^^^^^^^^^^^^^^^^^^^^^^^^^^^^^^^^^^^^^^^^^^^^^^^^^^^^^^^^^^
  File "/usr/local/lib/python3.11/site-packages/django/shortcuts.py", line 24, in render
    content = loader.render_to_string(template_name, context, request, using=using)
              ^^^^^^^^^^^^^^^^^^^^^^^^^^^^^^^^^^^^^^^^^^^^^^^^^^^^^^^^^^^^^^^^^^^^^
  File "/usr/local/lib/python3.11/site-packages/django/template/loader.py", line 62, in render_to_string
    return template.render(context, request)
           ^^^^^^^^^^^^^^^^^^^^^^^^^^^^^^^^^
  File "/usr/local/lib/python3.11/site-packages/django/template/backends/django.py", line 61, in render
    return self.template.render(context)
           ^^^^^^^^^^^^^^^^^^^^^^^^^^^^^
  File "/usr/local/lib/python3.11/site-packages/django/template/base.py", line 175, in render
    return self._render(context)
           ^^^^^^^^^^^^^^^^^^^^^
  File "/usr/local/lib/python3.11/site-packages/django/template/base.py", line 167, in _render
    return self.nodelist.render(context)
           ^^^^^^^^^^^^^^^^^^^^^^^^^^^^^
  File "/usr/local/lib/python3.11/site-packages/django/template/base.py", line 1005, in render
    return SafeString("".join([node.render_annotated(context) for node in self]))
                              ^^^^^^^^^^^^^^^^^^^^^^^^^^^^^^^^^^^^^^^^^^^^^^^^^
  File "/usr/local/lib/python3.11/site-packages/django/template/base.py", line 1005, in <listcomp>
    return SafeString("".join([node.render_annotated(context) for node in self]))
                               ^^^^^^^^^^^^^^^^^^^^^^^^^^^^^^
  File "/usr/local/lib/python3.11/site-packages/django/template/base.py", line 966, in render_annotated
    return self.render(context)
           ^^^^^^^^^^^^^^^^^^^^
  File "/usr/local/lib/python3.11/site-packages/django/template/defaulttags.py", line 238, in render
    nodelist.append(node.render_annotated(context))
                    ^^^^^^^^^^^^^^^^^^^^^^^^^^^^^^
  File "/usr/local/lib/python3.11/site-packages/django/template/base.py", line 966, in render_annotated
    return self.render(context)
           ^^^^^^^^^^^^^^^^^^^^
  File "/usr/local/lib/python3.11/site-packages/django/template/defaulttags.py", line 321, in render
    return nodelist.render(context)
           ^^^^^^^^^^^^^^^^^^^^^^^^
  File "/usr/local/lib/python3.11/site-packages/django/template/base.py", line 1005, in render
    return SafeString("".join([node.render_annotated(context) for node in self]))
                              ^^^^^^^^^^^^^^^^^^^^^^^^^^^^^^^^^^^^^^^^^^^^^^^^^
  File "/usr/local/lib/python3.11/site-packages/django/template/base.py", line 1005, in <listcomp>
    return SafeString("".join([node.render_annotated(context) for node in self]))
                               ^^^^^^^^^^^^^^^^^^^^^^^^^^^^^^
  File "/usr/local/lib/python3.11/site-packages/django/template/base.py", line 966, in render_annotated
    return self.render(context)
           ^^^^^^^^^^^^^^^^^^^^
  File "/usr/local/lib/python3.11/site-packages/django/template/defaulttags.py", line 321, in render
    return nodelist.render(context)
           ^^^^^^^^^^^^^^^^^^^^^^^^
  File "/usr/local/lib/python3.11/site-packages/django/template/base.py", line 1005, in render
    return SafeString("".join([node.render_annotated(context) for node in self]))
                              ^^^^^^^^^^^^^^^^^^^^^^^^^^^^^^^^^^^^^^^^^^^^^^^^^
  File "/usr/local/lib/python3.11/site-packages/django/template/base.py", line 1005, in <listcomp>
    return SafeString("".join([node.render_annotated(context) for node in self]))
                               ^^^^^^^^^^^^^^^^^^^^^^^^^^^^^^
  File "/usr/local/lib/python3.11/site-packages/django/template/base.py", line 966, in render_annotated
    return self.render(context)
           ^^^^^^^^^^^^^^^^^^^^
  File "/usr/local/lib/python3.11/site-packages/django/template/defaulttags.py", line 314, in render
    match = condition.eval(context)
            ^^^^^^^^^^^^^^^^^^^^^^^
  File "/usr/local/lib/python3.11/site-packages/django/template/defaulttags.py", line 877, in eval
    return self.value.resolve(context, ignore_failures=True)
           ^^^^^^^^^^^^^^^^^^^^^^^^^^^^^^^^^^^^^^^^^^^^^^^^^
  File "/usr/local/lib/python3.11/site-packages/django/template/base.py", line 715, in resolve
    obj = self.var.resolve(context)
          ^^^^^^^^^^^^^^^^^^^^^^^^^
  File "/usr/local/lib/python3.11/site-packages/django/template/base.py", line 847, in resolve
    value = self._resolve_lookup(context)
            ^^^^^^^^^^^^^^^^^^^^^^^^^^^^^
  File "/usr/local/lib/python3.11/site-packages/django/template/base.py", line 890, in _resolve_lookup
    current = getattr(current, bit)
              ^^^^^^^^^^^^^^^^^^^^^
  File "/app/gestion_espacios_academicos/models.py", line 343, in tamano_archivo_legible
    size = self.archivo_adjunto.size
           ^^^^^^^^^^^^^^^^^^^^^^^^^
  File "/usr/local/lib/python3.11/site-packages/django/db/models/fields/files.py", line 74, in size
    return self.storage.size(self.name)
           ^^^^^^^^^^^^^^^^^^^^^^^^^^^^
  File "/usr/local/lib/python3.11/site-packages/django/core/files/storage/filesystem.py", line 182, in size
    return os.path.getsize(self.path(name))
           ^^^^^^^^^^^^^^^^^^^^^^^^^^^^^^^^
  File "<frozen genericpath>", line 50, in getsize
FileNotFoundError: [Errno 2] No such file or directory: '/app/media/solicitudes/2025/11/sala_audiovisual._carta_decanatura.jpg'
ERROR 2025-11-30 11:38:02,298 basehttp "GET /usuarios/historial/ HTTP/1.1" 500 217372
WARNING 2025-11-30 11:38:02,393 log Not Found: /favicon.ico
WARNING 2025-11-30 11:38:02,395 basehttp "GET /favicon.ico HTTP/1.1" 404 3913
INFO 2025-11-30 11:38:39,326 basehttp "GET /usuarios/historial/ HTTP/1.1" 200 22673
INFO 2025-11-30 11:38:39,356 basehttp "GET /static/js/scripts.js HTTP/1.1" 200 13739
INFO 2025-11-30 11:38:39,370 basehttp "GET /static/css/base.css HTTP/1.1" 200 34516
WARNING 2025-11-30 11:38:40,198 log Not Found: /favicon.ico
WARNING 2025-11-30 11:38:40,199 basehttp "GET /favicon.ico HTTP/1.1" 404 3913
INFO 2025-11-30 11:39:47,321 basehttp "GET /logout/ HTTP/1.1" 302 0
INFO 2025-11-30 11:39:47,342 basehttp "GET /login/ HTTP/1.1" 200 2571
WARNING 2025-11-30 11:39:47,530 log Not Found: /.well-known/appspecific/com.chrome.devtools.json
WARNING 2025-11-30 11:39:47,531 basehttp "GET /.well-known/appspecific/com.chrome.devtools.json HTTP/1.1" 404 4024
INFO 2025-11-30 11:39:47,551 basehttp "GET /static/css/materialize_styles.css HTTP/1.1" 200 1885
INFO 2025-11-30 11:39:56,254 basehttp "POST /login/ HTTP/1.1" 302 0
INFO 2025-11-30 11:39:56,302 basehttp "GET /encargados/dashboard/ HTTP/1.1" 200 7420
INFO 2025-11-30 11:39:56,369 basehttp "GET /static/encargados/css/styles.css HTTP/1.1" 200 18022
INFO 2025-11-30 11:39:56,389 basehttp "GET /static/encargados/js/dashboard_encargado.js HTTP/1.1" 200 8522
INFO 2025-11-30 11:39:56,945 basehttp "GET /encargados/api/solicitudes-aceptadas/ HTTP/1.1" 200 204
INFO 2025-11-30 11:39:59,510 basehttp "GET /encargados/lista_solicitudes/ HTTP/1.1" 200 30770
INFO 2025-11-30 11:39:59,616 basehttp "GET /static/encargados/js/scripts.js HTTP/1.1" 200 17908
INFO 2025-11-30 11:42:14,123 basehttp "GET /encargados/dashboard/ HTTP/1.1" 200 7420
INFO 2025-11-30 11:42:16,925 basehttp "GET /logout/ HTTP/1.1" 302 0
INFO 2025-11-30 11:42:16,931 basehttp "GET /login/ HTTP/1.1" 200 2571
INFO 2025-11-30 11:42:23,278 basehttp "POST /login/ HTTP/1.1" 302 0
INFO 2025-11-30 11:42:23,292 basehttp "GET /encargados/dashboard/ HTTP/1.1" 200 7423
INFO 2025-11-30 11:42:23,341 basehttp "GET /encargados/api/solicitudes-aceptadas/ HTTP/1.1" 200 2
INFO 2025-11-30 11:42:26,014 basehttp "GET /encargados/lista_solicitudes/ HTTP/1.1" 200 15306
INFO 2025-11-30 11:46:16,193 autoreload /app/usuarios/views.py changed, reloading.
INFO 2025-11-30 11:46:18,769 autoreload Watching for file changes with StatReloader
INFO 2025-11-30 11:46:28,104 basehttp "POST /encargados/aprobar_solicitud/18/ HTTP/1.1" 200 105
INFO 2025-11-30 11:46:30,617 basehttp "GET /encargados/lista_solicitudes/ HTTP/1.1" 200 14941
INFO 2025-11-30 11:49:30,160 autoreload Watching for file changes with StatReloader
INFO 2025-12-06 10:43:02,810 autoreload Watching for file changes with StatReloader
INFO 2025-12-06 10:45:01,228 basehttp code 400, message Bad request version ('y\x8b\x12O7{_\x04\x8edLm\x19\x8a\x8aD\x9e\x9f$/UV\x1a4l1S\x94SY\x03\x82*yg\x107rw')
ERROR 2025-12-06 10:45:01,231 basehttp You're accessing the development server over HTTPS, but it only supports HTTP.
INFO 2025-12-06 10:45:01,241 basehttp code 400, message Bad request version ('\x13\x01\x13\x02\x13\x03+/,0\x13\x14\x00\x9c\x00\x9d\x00/\x005\x01\x00\x06S')
ERROR 2025-12-06 10:45:01,242 basehttp You're accessing the development server over HTTPS, but it only supports HTTP.
INFO 2025-12-06 10:45:27,336 basehttp "GET / HTTP/1.1" 200 1983
INFO 2025-12-06 10:45:27,445 basehttp "GET /static/css/custom-styles.css HTTP/1.1" 304 0
INFO 2025-12-06 10:45:27,446 basehttp "GET /static/js/scripts.js HTTP/1.1" 304 0
WARNING 2025-12-06 10:45:27,742 log Not Found: /favicon.ico
WARNING 2025-12-06 10:45:27,744 basehttp "GET /favicon.ico HTTP/1.1" 404 3913
INFO 2025-12-06 10:45:29,951 basehttp "GET /login/ HTTP/1.1" 200 2352
INFO 2025-12-06 10:45:30,053 basehttp "GET /static/css/materialize_styles.css HTTP/1.1" 200 1885
INFO 2025-12-06 10:45:41,849 basehttp "POST /login/ HTTP/1.1" 200 2568
INFO 2025-12-06 10:45:52,197 basehttp "POST /login/ HTTP/1.1" 200 2568
INFO 2025-12-06 10:45:56,671 basehttp "GET /recuperar/ HTTP/1.1" 200 1523
INFO 2025-12-06 10:46:08,276 basehttp "GET /admin/gestion_espacios_academicos/customuser/2/change/ HTTP/1.1" 302 0
INFO 2025-12-06 10:46:08,401 basehttp "GET /admin/login/?next=/admin/gestion_espacios_academicos/customuser/2/change/ HTTP/1.1" 200 4318
INFO 2025-12-06 10:46:08,473 basehttp "GET /static/admin/css/dark_mode.css HTTP/1.1" 200 2929
INFO 2025-12-06 10:46:08,483 basehttp "GET /static/admin/css/base.css HTTP/1.1" 200 21310
INFO 2025-12-06 10:46:08,484 basehttp "GET /static/admin/css/nav_sidebar.css HTTP/1.1" 200 2694
INFO 2025-12-06 10:46:08,504 basehttp "GET /static/admin/js/nav_sidebar.js HTTP/1.1" 200 3063
INFO 2025-12-06 10:46:08,506 basehttp "GET /static/admin/css/login.css HTTP/1.1" 304 0
INFO 2025-12-06 10:46:08,508 basehttp "GET /static/admin/css/responsive.css HTTP/1.1" 200 18559
INFO 2025-12-06 10:46:08,510 basehttp "GET /static/admin/js/theme.js HTTP/1.1" 200 1943
INFO 2025-12-06 10:46:16,095 basehttp "POST /admin/login/?next=/admin/gestion_espacios_academicos/customuser/2/change/ HTTP/1.1" 200 4527
INFO 2025-12-08 11:14:43,508 basehttp "POST /admin/login/?next=/admin/gestion_espacios_academicos/customuser/2/change/ HTTP/1.1" 200 4527
INFO 2025-12-08 11:14:43,662 basehttp "GET /static/admin/css/base.css HTTP/1.1" 200 21310
INFO 2025-12-08 11:14:43,682 basehttp "GET /static/admin/css/dark_mode.css HTTP/1.1" 200 2929
INFO 2025-12-08 11:14:43,697 basehttp "GET /static/admin/css/nav_sidebar.css HTTP/1.1" 200 2694
INFO 2025-12-08 11:14:43,700 basehttp "GET /static/admin/css/login.css HTTP/1.1" 200 958
INFO 2025-12-08 11:14:43,705 basehttp "GET /static/admin/js/nav_sidebar.js HTTP/1.1" 200 3063
INFO 2025-12-08 11:14:43,708 basehttp "GET /static/admin/css/responsive.css HTTP/1.1" 200 18559
INFO 2025-12-08 11:14:43,711 basehttp "GET /static/admin/js/theme.js HTTP/1.1" 200 1943
WARNING 2025-12-08 11:14:43,909 log Not Found: /favicon.ico
WARNING 2025-12-08 11:14:43,910 basehttp "GET /favicon.ico HTTP/1.1" 404 3913
INFO 2025-12-08 11:16:58,514 basehttp "POST /admin/login/?next=/admin/gestion_espacios_academicos/customuser/2/change/ HTTP/1.1" 302 0
INFO 2025-12-08 11:16:58,560 basehttp "GET /admin/gestion_espacios_academicos/customuser/2/change/ HTTP/1.1" 302 0
INFO 2025-12-08 11:16:58,671 basehttp "GET /admin/ HTTP/1.1" 200 8724
INFO 2025-12-08 11:16:58,705 basehttp "GET /static/admin/css/dashboard.css HTTP/1.1" 200 441
INFO 2025-12-08 11:16:58,763 basehttp "GET /static/admin/img/icon-alert.svg HTTP/1.1" 200 504
INFO 2025-12-08 11:16:58,765 basehttp "GET /static/admin/img/icon-addlink.svg HTTP/1.1" 200 331
INFO 2025-12-08 11:16:58,766 basehttp "GET /static/admin/img/icon-changelink.svg HTTP/1.1" 200 380
INFO 2025-12-08 11:17:03,553 basehttp "GET /admin/gestion_espacios_academicos/customuser/ HTTP/1.1" 200 14868
INFO 2025-12-08 11:17:03,645 basehttp "GET /static/admin/css/changelists.css HTTP/1.1" 200 6566
INFO 2025-12-08 11:17:03,647 basehttp "GET /static/admin/js/admin/RelatedObjectLookups.js HTTP/1.1" 200 8943
INFO 2025-12-08 11:17:03,649 basehttp "GET /static/admin/js/jquery.init.js HTTP/1.1" 200 347
INFO 2025-12-08 11:17:03,667 basehttp "GET /static/admin/js/core.js HTTP/1.1" 200 5682
INFO 2025-12-08 11:17:03,677 basehttp "GET /static/admin/js/actions.js HTTP/1.1" 200 7872
INFO 2025-12-08 11:17:03,683 basehttp "GET /static/admin/js/urlify.js HTTP/1.1" 200 7887
INFO 2025-12-08 11:17:03,686 basehttp "GET /static/admin/js/prepopulate.js HTTP/1.1" 200 1531
INFO 2025-12-08 11:17:03,698 basehttp "GET /admin/jsi18n/ HTTP/1.1" 200 8006
INFO 2025-12-08 11:17:03,700 basehttp "GET /static/admin/img/icon-yes.svg HTTP/1.1" 200 436
INFO 2025-12-08 11:17:03,701 basehttp "GET /static/admin/img/search.svg HTTP/1.1" 200 458
INFO 2025-12-08 11:17:03,716 basehttp "GET /static/admin/js/vendor/jquery/jquery.js HTTP/1.1" 200 292458
INFO 2025-12-08 11:17:03,724 basehttp "GET /static/admin/js/vendor/xregexp/xregexp.js HTTP/1.1" 200 232381
INFO 2025-12-08 11:17:03,756 basehttp "GET /static/admin/js/filters.js HTTP/1.1" 200 978
INFO 2025-12-08 11:17:03,829 basehttp "GET /static/admin/img/tooltag-add.svg HTTP/1.1" 200 331
INFO 2025-12-08 11:17:03,838 basehttp "GET /static/admin/img/sorting-icons.svg HTTP/1.1" 200 1097
INFO 2025-12-08 11:17:19,774 basehttp "GET /admin/gestion_espacios_academicos/customuser/1/change/ HTTP/1.1" 200 32878
INFO 2025-12-08 11:17:19,836 basehttp "GET /static/admin/css/forms.css HTTP/1.1" 200 9090
INFO 2025-12-08 11:17:19,838 basehttp "GET /static/admin/js/SelectBox.js HTTP/1.1" 200 4530
INFO 2025-12-08 11:17:19,839 basehttp "GET /static/admin/js/admin/DateTimeShortcuts.js HTTP/1.1" 200 19319
INFO 2025-12-08 11:17:19,846 basehttp "GET /static/admin/js/calendar.js HTTP/1.1" 200 8466
INFO 2025-12-08 11:17:19,849 basehttp "GET /static/admin/js/SelectFilter2.js HTTP/1.1" 200 15292
INFO 2025-12-08 11:17:19,860 basehttp "GET /static/admin/img/icon-viewlink.svg HTTP/1.1" 200 581
INFO 2025-12-08 11:17:19,861 basehttp "GET /static/admin/img/icon-deletelink.svg HTTP/1.1" 200 392
INFO 2025-12-08 11:17:19,865 basehttp "GET /static/admin/css/widgets.css HTTP/1.1" 200 11921
INFO 2025-12-08 11:17:19,865 basehttp "GET /admin/jsi18n/ HTTP/1.1" 200 8006
INFO 2025-12-08 11:17:19,945 basehttp "GET /static/admin/js/prepopulate_init.js HTTP/1.1" 200 586
INFO 2025-12-08 11:17:19,946 basehttp "GET /static/admin/js/change_form.js HTTP/1.1" 200 606
INFO 2025-12-08 11:17:20,016 basehttp "GET /static/admin/img/icon-unknown.svg HTTP/1.1" 200 655
INFO 2025-12-08 11:17:20,032 basehttp "GET /static/admin/img/selector-icons.svg HTTP/1.1" 200 3291
INFO 2025-12-08 11:17:20,033 basehttp "GET /static/admin/img/icon-clock.svg HTTP/1.1" 200 677
INFO 2025-12-08 11:17:20,033 basehttp "GET /static/admin/img/icon-unknown-alt.svg HTTP/1.1" 200 655
INFO 2025-12-08 11:17:20,037 basehttp "GET /static/admin/img/icon-calendar.svg HTTP/1.1" 200 1086
INFO 2025-12-08 11:17:35,414 basehttp "POST /admin/gestion_espacios_academicos/customuser/1/change/ HTTP/1.1" 302 0
INFO 2025-12-08 11:17:35,448 basehttp "GET /admin/gestion_espacios_academicos/customuser/ HTTP/1.1" 200 15125
INFO 2025-12-08 11:17:35,492 basehttp "GET /admin/jsi18n/ HTTP/1.1" 200 8006
INFO 2025-12-08 11:17:44,508 basehttp "GET / HTTP/1.1" 200 1983
INFO 2025-12-08 11:17:45,973 basehttp "GET /login/ HTTP/1.1" 200 2352
INFO 2025-12-08 11:17:46,053 basehttp "GET /static/css/materialize_styles.css HTTP/1.1" 200 1885
INFO 2025-12-08 11:17:54,671 basehttp "POST /login/ HTTP/1.1" 302 0
INFO 2025-12-08 11:17:54,725 basehttp "GET /administrador/ HTTP/1.1" 200 5357
INFO 2025-12-08 11:17:54,796 basehttp "GET /static/css/styles-v2.css HTTP/1.1" 200 5828
INFO 2025-12-08 11:18:01,171 basehttp "GET /administrador/registrar_carrera/ HTTP/1.1" 200 2315
INFO 2025-12-08 11:18:03,041 basehttp "GET /administrador/ HTTP/1.1" 200 5357
INFO 2025-12-08 11:18:04,548 basehttp "GET /administrador/registrar_facultad/ HTTP/1.1" 200 2320
INFO 2025-12-08 11:18:53,423 basehttp "POST /administrador/registrar_facultad/ HTTP/1.1" 302 0
INFO 2025-12-08 11:18:53,483 basehttp "GET /administrador/lista_facultades/ HTTP/1.1" 200 2601
INFO 2025-12-08 11:18:55,898 basehttp "GET /administrador/ HTTP/1.1" 200 5357
INFO 2025-12-08 11:18:58,642 basehttp "GET /administrador/registrar_carrera/ HTTP/1.1" 200 2383
INFO 2025-12-08 11:19:08,742 basehttp "POST /administrador/registrar_carrera/ HTTP/1.1" 302 0
INFO 2025-12-08 11:19:08,798 basehttp "GET /administrador/lista_carreras/ HTTP/1.1" 200 2804
INFO 2025-12-08 11:19:10,805 basehttp "GET /administrador/ HTTP/1.1" 200 5357
INFO 2025-12-08 11:19:13,209 basehttp "GET /administrador/registrar_espacios/ HTTP/1.1" 200 3451
INFO 2025-12-08 11:19:15,836 basehttp "GET /administrador/lista_espacios/ HTTP/1.1" 200 2203
INFO 2025-12-08 11:19:17,101 basehttp "GET /administrador/ HTTP/1.1" 200 5357
INFO 2025-12-08 11:19:19,129 basehttp "GET /administrador/registrar_encargados/ HTTP/1.1" 200 3809
INFO 2025-12-08 11:20:02,312 basehttp "POST /administrador/registrar_encargados/ HTTP/1.1" 302 0
INFO 2025-12-08 11:20:02,367 basehttp "GET /administrador/lista_encargados/ HTTP/1.1" 200 2799
INFO 2025-12-08 11:20:09,449 basehttp "GET /administrador/registrar_encargados/ HTTP/1.1" 200 3809
INFO 2025-12-08 11:21:26,059 basehttp "POST /administrador/registrar_encargados/ HTTP/1.1" 302 0
INFO 2025-12-08 11:21:26,073 basehttp "GET /administrador/lista_encargados/ HTTP/1.1" 200 3391
INFO 2025-12-08 11:21:28,294 basehttp "GET /administrador/registrar_encargados/ HTTP/1.1" 200 3809
INFO 2025-12-08 11:21:29,915 basehttp "GET /administrador/lista_encargados/ HTTP/1.1" 200 3206
INFO 2025-12-08 11:21:31,301 basehttp "GET /administrador/ HTTP/1.1" 200 5357
INFO 2025-12-08 11:21:32,714 basehttp "GET /administrador/registrar_espacios/ HTTP/1.1" 200 3611
INFO 2025-12-08 11:22:44,383 basehttp "POST /administrador/registrar_espacios/ HTTP/1.1" 302 0
INFO 2025-12-08 11:22:44,402 basehttp "GET /administrador/lista_espacios/ HTTP/1.1" 200 3163
INFO 2025-12-08 11:22:50,435 basehttp "GET /administrador/ HTTP/1.1" 200 5357
INFO 2025-12-08 11:22:52,649 basehttp "GET /administrador/registrar_espacio_campus/ HTTP/1.1" 200 6097
INFO 2025-12-08 11:23:33,619 basehttp "POST /administrador/registrar_espacio_campus/ HTTP/1.1" 302 0
INFO 2025-12-08 11:23:33,637 basehttp "GET /administrador/lista_espacios/ HTTP/1.1" 200 3168
INFO 2025-12-08 11:23:36,907 basehttp "GET /administrador/ HTTP/1.1" 200 5357
INFO 2025-12-08 11:23:40,304 basehttp "GET /logout/ HTTP/1.1" 302 0
INFO 2025-12-08 11:23:40,312 basehttp "GET /login/ HTTP/1.1" 200 2571
INFO 2025-12-08 11:23:49,786 basehttp "POST /login/ HTTP/1.1" 302 0
INFO 2025-12-08 11:23:49,866 basehttp "GET /encargados/dashboard/ HTTP/1.1" 200 7423
INFO 2025-12-08 11:23:49,966 basehttp "GET /static/encargados/css/styles.css HTTP/1.1" 200 18022
INFO 2025-12-08 11:23:50,008 basehttp "GET /static/encargados/js/dashboard_encargado.js HTTP/1.1" 200 8522
INFO 2025-12-08 11:23:50,210 basehttp "GET /encargados/api/solicitudes-aceptadas/ HTTP/1.1" 200 2
INFO 2025-12-08 11:23:53,557 basehttp "GET /encargados/lista_solicitudes/ HTTP/1.1" 200 4123
INFO 2025-12-08 11:23:53,678 basehttp "GET /static/encargados/js/scripts.js HTTP/1.1" 200 17908
INFO 2025-12-08 11:23:57,094 basehttp "GET /encargados/dashboard/ HTTP/1.1" 200 7423
INFO 2025-12-08 11:24:02,227 basehttp "GET /logout/ HTTP/1.1" 302 0
INFO 2025-12-08 11:24:02,235 basehttp "GET /login/ HTTP/1.1" 200 2571
INFO 2025-12-08 11:31:11,910 autoreload /app/usuarios/views.py changed, reloading.
INFO 2025-12-08 11:31:15,270 autoreload Watching for file changes with StatReloader
INFO 2025-12-08 12:01:40,766 autoreload /app/usuarios/views.py changed, reloading.
INFO 2025-12-08 12:01:45,404 autoreload Watching for file changes with StatReloader
INFO 2025-12-08 12:02:08,663 autoreload /app/usuarios/views.py changed, reloading.
INFO 2025-12-08 12:02:10,312 autoreload Watching for file changes with StatReloader
INFO 2025-12-08 12:02:20,345 autoreload /app/usuarios/views.py changed, reloading.
INFO 2025-12-08 12:02:21,996 autoreload Watching for file changes with StatReloader
INFO 2025-12-08 12:04:29,739 autoreload /app/usuarios/urls.py changed, reloading.
INFO 2025-12-08 12:04:31,294 autoreload Watching for file changes with StatReloader
INFO 2025-12-08 12:07:34,171 basehttp "GET /login/ HTTP/1.1" 200 2352
INFO 2025-12-08 12:07:39,102 basehttp "GET /registro/ HTTP/1.1" 200 4212
INFO 2025-12-08 12:08:24,238 basehttp "POST /registro/ HTTP/1.1" 302 0
INFO 2025-12-08 12:08:24,251 basehttp "GET /login/ HTTP/1.1" 200 2604
INFO 2025-12-08 12:09:21,490 basehttp "POST /login/ HTTP/1.1" 200 2568
INFO 2025-12-08 12:09:26,809 basehttp "GET /verificar/4c9c5a48-d2f3-4a62-9770-548de4dd1704/ HTTP/1.1" 302 0
INFO 2025-12-08 12:09:26,844 basehttp "GET /login/ HTTP/1.1" 200 2592
INFO 2025-12-08 12:09:35,748 basehttp "POST /login/ HTTP/1.1" 302 0
INFO 2025-12-08 12:09:35,808 basehttp "GET /usuarios/ HTTP/1.1" 200 5685
INFO 2025-12-08 12:09:35,933 basehttp "GET /static/css/base.css HTTP/1.1" 200 34516
INFO 2025-12-08 12:09:35,966 basehttp "GET /static/js/calendario.js HTTP/1.1" 200 8755
INFO 2025-12-08 12:09:36,126 basehttp "GET /usuarios/api/eventos-usuario/ HTTP/1.1" 200 2
INFO 2025-12-08 12:09:39,079 basehttp "GET /usuarios/enviar_solicitud/ HTTP/1.1" 200 14420
INFO 2025-12-08 12:09:39,270 basehttp "GET /static/js/verificacion-conflictos.js HTTP/1.1" 200 18346
INFO 2025-12-08 12:09:45,697 basehttp "GET /usuarios/api/documento-espacio/1/ HTTP/1.1" 200 113
INFO 2025-12-08 12:09:45,771 basehttp "GET /media/condiciones_espacios/condiciones_uso_sb.pdf HTTP/1.1" 200 76845
INFO 2025-12-08 12:09:55,525 basehttp "GET /usuarios/enviar_solicitud/ HTTP/1.1" 200 14420
INFO 2025-12-08 12:09:55,663 basehttp "GET /static/css/base.css HTTP/1.1" 200 34516
INFO 2025-12-08 12:09:55,666 basehttp "GET /static/js/verificacion-conflictos.js HTTP/1.1" 200 18346
INFO 2025-12-08 12:09:55,741 basehttp "GET /static/js/scripts.js HTTP/1.1" 200 13739
WARNING 2025-12-08 12:09:56,562 log Not Found: /favicon.ico
WARNING 2025-12-08 12:09:56,563 basehttp "GET /favicon.ico HTTP/1.1" 404 3913
INFO 2025-12-08 12:10:01,054 basehttp "GET /usuarios/api/documento-espacio/1/ HTTP/1.1" 200 113
INFO 2025-12-08 12:10:38,709 autoreload /app/usuarios/urls.py changed, reloading.
INFO 2025-12-08 12:10:41,276 autoreload Watching for file changes with StatReloader
INFO 2025-12-08 12:10:45,959 basehttp "GET /usuarios/enviar_solicitud/ HTTP/1.1" 200 14420
INFO 2025-12-08 12:10:46,028 basehttp "GET /static/js/scripts.js HTTP/1.1" 200 13739
INFO 2025-12-08 12:10:46,043 basehttp "GET /static/js/verificacion-conflictos.js HTTP/1.1" 200 18346
INFO 2025-12-08 12:10:46,044 basehttp "GET /static/css/base.css HTTP/1.1" 200 34516
WARNING 2025-12-08 12:10:46,690 log Not Found: /favicon.ico
WARNING 2025-12-08 12:10:46,693 basehttp "GET /favicon.ico HTTP/1.1" 404 3913
INFO 2025-12-08 12:10:51,171 basehttp "GET /usuarios/api/documento-espacio/1/ HTTP/1.1" 200 113
INFO 2025-12-08 12:14:14,118 basehttp "GET /usuarios/enviar_solicitud/ HTTP/1.1" 200 19498
INFO 2025-12-08 12:14:14,190 basehttp "GET /static/js/scripts.js HTTP/1.1" 200 13739
INFO 2025-12-08 12:14:14,208 basehttp "GET /static/js/verificacion-conflictos.js HTTP/1.1" 200 18346
INFO 2025-12-08 12:14:14,215 basehttp "GET /static/css/base.css HTTP/1.1" 200 34516
WARNING 2025-12-08 12:14:15,015 log Not Found: /favicon.ico
WARNING 2025-12-08 12:14:15,016 basehttp "GET /favicon.ico HTTP/1.1" 404 3913
INFO 2025-12-08 12:14:19,646 basehttp "GET /usuarios/api/documento-espacio/1/ HTTP/1.1" 200 113
INFO 2025-12-08 12:14:25,545 basehttp "GET /media/condiciones_espacios/condiciones_uso_sb.pdf HTTP/1.1" 200 76845
INFO 2025-12-08 13:02:22,976 basehttp "GET /usuarios/ HTTP/1.1" 200 5685
INFO 2025-12-08 13:02:34,289 basehttp "GET / HTTP/1.1" 200 2172
INFO 2025-12-08 13:03:15,704 basehttp "GET / HTTP/1.1" 200 2172
INFO 2025-12-08 13:03:15,761 basehttp "GET /static/js/scripts.js HTTP/1.1" 200 13739
INFO 2025-12-08 13:03:15,772 basehttp "GET /static/css/custom-styles.css HTTP/1.1" 200 7022
WARNING 2025-12-08 13:03:15,894 log Not Found: /favicon.ico
WARNING 2025-12-08 13:03:15,896 basehttp "GET /favicon.ico HTTP/1.1" 404 3913
INFO 2025-12-08 13:09:21,411 basehttp "GET / HTTP/1.1" 200 2172
INFO 2025-12-08 13:09:21,463 basehttp "GET /static/js/scripts.js HTTP/1.1" 200 13739
INFO 2025-12-08 13:09:21,476 basehttp "GET /static/css/custom-styles.css HTTP/1.1" 200 7262
WARNING 2025-12-08 13:09:21,533 log Not Found: /favicon.ico
WARNING 2025-12-08 13:09:21,535 basehttp "GET /favicon.ico HTTP/1.1" 404 3913
INFO 2025-12-08 13:11:51,967 basehttp "GET / HTTP/1.1" 200 2172
INFO 2025-12-08 13:11:52,015 basehttp "GET /static/js/scripts.js HTTP/1.1" 200 13739
INFO 2025-12-08 13:11:52,029 basehttp "GET /static/css/custom-styles.css HTTP/1.1" 200 7638
WARNING 2025-12-08 13:11:52,075 log Not Found: /favicon.ico
WARNING 2025-12-08 13:11:52,076 basehttp "GET /favicon.ico HTTP/1.1" 404 3913
INFO 2025-12-08 13:12:43,403 basehttp "GET / HTTP/1.1" 200 2172
INFO 2025-12-08 13:12:43,461 basehttp "GET /static/js/scripts.js HTTP/1.1" 200 13739
INFO 2025-12-08 13:12:43,477 basehttp "GET /static/css/custom-styles.css HTTP/1.1" 200 7588
WARNING 2025-12-08 13:12:43,537 log Not Found: /favicon.ico
WARNING 2025-12-08 13:12:43,538 basehttp "GET /favicon.ico HTTP/1.1" 404 3913
INFO 2025-12-08 13:13:19,470 basehttp "GET / HTTP/1.1" 200 2172
INFO 2025-12-08 13:13:19,541 basehttp "GET /static/js/scripts.js HTTP/1.1" 200 13739
INFO 2025-12-08 13:13:19,558 basehttp "GET /static/css/custom-styles.css HTTP/1.1" 200 7497
WARNING 2025-12-08 13:13:19,696 log Not Found: /favicon.ico
WARNING 2025-12-08 13:13:19,698 basehttp "GET /favicon.ico HTTP/1.1" 404 3913
INFO 2025-12-08 13:13:31,445 basehttp "GET / HTTP/1.1" 200 2172
INFO 2025-12-08 13:13:31,491 basehttp "GET /static/js/scripts.js HTTP/1.1" 200 13739
INFO 2025-12-08 13:13:31,505 basehttp "GET /static/css/custom-styles.css HTTP/1.1" 200 7456
WARNING 2025-12-08 13:13:31,553 log Not Found: /favicon.ico
WARNING 2025-12-08 13:13:31,554 basehttp "GET /favicon.ico HTTP/1.1" 404 3913
INFO 2025-12-08 13:13:46,582 basehttp "GET / HTTP/1.1" 200 2172
INFO 2025-12-08 13:13:46,630 basehttp "GET /static/js/scripts.js HTTP/1.1" 200 13739
INFO 2025-12-08 13:13:46,643 basehttp "GET /static/css/custom-styles.css HTTP/1.1" 200 7183
WARNING 2025-12-08 13:13:46,690 log Not Found: /favicon.ico
WARNING 2025-12-08 13:13:46,691 basehttp "GET /favicon.ico HTTP/1.1" 404 3913
INFO 2025-12-08 13:14:05,216 basehttp "GET / HTTP/1.1" 200 2172
INFO 2025-12-08 13:14:05,260 basehttp "GET /static/js/scripts.js HTTP/1.1" 200 13739
INFO 2025-12-08 13:14:05,277 basehttp "GET /static/css/custom-styles.css HTTP/1.1" 200 7465
WARNING 2025-12-08 13:14:05,325 log Not Found: /favicon.ico
WARNING 2025-12-08 13:14:05,327 basehttp "GET /favicon.ico HTTP/1.1" 404 3913
INFO 2025-12-08 13:18:12,616 basehttp "GET /login/ HTTP/1.1" 200 2352
INFO 2025-12-08 13:22:23,975 basehttp "GET /login/ HTTP/1.1" 200 2352
INFO 2025-12-08 13:22:32,843 basehttp "POST /login/ HTTP/1.1" 302 0
INFO 2025-12-08 13:22:32,877 basehttp "GET /usuarios/ HTTP/1.1" 200 5685
INFO 2025-12-08 13:22:33,133 basehttp "GET /usuarios/api/eventos-usuario/ HTTP/1.1" 200 2
INFO 2025-12-08 13:22:37,206 basehttp "GET /usuarios/api/eventos-usuario/ HTTP/1.1" 200 2
INFO 2025-12-08 13:22:40,287 basehttp "GET /usuarios/enviar_solicitud/ HTTP/1.1" 200 19498
INFO 2025-12-08 13:23:41,940 basehttp "GET /usuarios/api/documento-espacio/1/ HTTP/1.1" 200 113
INFO 2025-12-08 13:23:42,027 basehttp "GET /media/condiciones_espacios/condiciones_uso_sb.pdf HTTP/1.1" 200 76845
INFO 2025-12-08 13:24:04,389 basehttp "POST /usuarios/verificar-conflictos/ HTTP/1.1" 200 98
INFO 2025-12-08 13:24:12,096 basehttp "POST /usuarios/enviar_solicitud/ HTTP/1.1" 302 0
INFO 2025-12-08 13:24:12,209 basehttp "GET /usuarios/historial/ HTTP/1.1" 200 3994
INFO 2025-12-08 13:24:15,949 basehttp "GET /usuarios/enviar_solicitud/ HTTP/1.1" 200 19769
INFO 2025-12-08 13:24:16,999 basehttp "GET /usuarios/ HTTP/1.1" 200 5685
INFO 2025-12-08 13:24:20,540 basehttp "GET /usuarios/historial/ HTTP/1.1" 200 3994
INFO 2025-12-08 13:24:23,225 basehttp "GET /usuarios/ HTTP/1.1" 200 5685
INFO 2025-12-08 13:24:26,588 basehttp "GET /usuarios/listar_espacios/ HTTP/1.1" 200 4323
INFO 2025-12-08 13:24:29,209 basehttp "GET /static/documentos/condiciones_1.pdf HTTP/1.1" 200 76845
INFO 2025-12-08 13:27:00,371 autoreload /app/usuarios/views.py changed, reloading.
INFO 2025-12-08 13:27:02,846 autoreload Watching for file changes with StatReloader
INFO 2025-12-08 13:27:11,036 basehttp "GET /usuarios/ HTTP/1.1" 200 5685
INFO 2025-12-08 13:28:52,761 basehttp "GET /logout/ HTTP/1.1" 302 0
INFO 2025-12-08 13:28:52,778 basehttp "GET /login/ HTTP/1.1" 200 2571
INFO 2025-12-08 13:29:01,150 basehttp "POST /login/ HTTP/1.1" 302 0
INFO 2025-12-08 13:29:01,192 basehttp "GET /encargados/dashboard/ HTTP/1.1" 200 7423
INFO 2025-12-08 13:29:01,267 basehttp "GET /static/encargados/css/styles.css HTTP/1.1" 200 18022
INFO 2025-12-08 13:29:01,269 basehttp "GET /static/encargados/js/dashboard_encargado.js HTTP/1.1" 200 8522
INFO 2025-12-08 13:29:01,464 basehttp "GET /encargados/api/solicitudes-aceptadas/ HTTP/1.1" 200 2
INFO 2025-12-08 13:29:04,843 basehttp "GET /encargados/lista_solicitudes/ HTTP/1.1" 200 6159
INFO 2025-12-08 13:29:04,938 basehttp "GET /static/encargados/js/scripts.js HTTP/1.1" 200 17908
INFO 2025-12-08 13:29:08,609 basehttp "GET /encargados/dashboard/ HTTP/1.1" 200 7423
INFO 2025-12-08 13:29:09,581 basehttp "GET /encargados/solicitudes_aceptadas/ HTTP/1.1" 200 12950
INFO 2025-12-08 13:29:12,271 basehttp "GET /encargados/dashboard/ HTTP/1.1" 200 7423
INFO 2025-12-08 13:29:14,400 basehttp "GET /encargados/solicitudes_pendientes/ HTTP/1.1" 200 5659
INFO 2025-12-08 13:29:21,153 basehttp "POST /encargados/aprobar_solicitud/1/ HTTP/1.1" 200 105
INFO 2025-12-08 13:29:23,801 basehttp "GET /encargados/solicitudes_pendientes/ HTTP/1.1" 200 4152
INFO 2025-12-08 13:29:28,756 basehttp "GET /encargados/dashboard/ HTTP/1.1" 200 7423
INFO 2025-12-08 13:29:30,751 basehttp "GET /encargados/solicitudes_aceptadas/ HTTP/1.1" 200 14568
INFO 2025-12-08 13:30:07,492 basehttp "GET /encargados/dashboard/ HTTP/1.1" 200 7423
INFO 2025-12-08 13:30:24,432 basehttp "GET /encargados/dashboard/ HTTP/1.1" 200 7423
INFO 2025-12-08 13:30:24,517 basehttp "GET /static/encargados/css/styles.css HTTP/1.1" 200 18022
INFO 2025-12-08 13:30:24,521 basehttp "GET /static/encargados/js/dashboard_encargado.js HTTP/1.1" 200 8522
INFO 2025-12-08 13:30:24,828 basehttp "GET /encargados/api/solicitudes-aceptadas/ HTTP/1.1" 200 215
WARNING 2025-12-08 13:30:25,195 log Not Found: /favicon.ico
WARNING 2025-12-08 13:30:25,196 basehttp "GET /favicon.ico HTTP/1.1" 404 3913
INFO 2025-12-08 13:30:31,022 basehttp "GET /logout/ HTTP/1.1" 302 0
INFO 2025-12-08 13:30:31,031 basehttp "GET /login/ HTTP/1.1" 200 2571
INFO 2025-12-08 13:30:40,561 basehttp "POST /login/ HTTP/1.1" 302 0
INFO 2025-12-08 13:30:40,589 basehttp "GET /usuarios/ HTTP/1.1" 200 5685
INFO 2025-12-08 13:30:40,686 basehttp "GET /usuarios/api/eventos-usuario/ HTTP/1.1" 200 319
INFO 2025-12-08 13:31:02,396 basehttp "GET /usuarios/listar_espacios/ HTTP/1.1" 200 4323
INFO 2025-12-08 13:45:14,727 basehttp "GET /usuarios/listar_espacios/ HTTP/1.1" 200 5345
INFO 2025-12-08 13:45:14,823 basehttp "GET /static/css/base.css HTTP/1.1" 200 34516
INFO 2025-12-08 13:45:14,866 basehttp "GET /static/js/scripts.js HTTP/1.1" 200 13739
WARNING 2025-12-08 13:45:15,573 log Not Found: /favicon.ico
WARNING 2025-12-08 13:45:15,574 basehttp "GET /favicon.ico HTTP/1.1" 404 3913
INFO 2025-12-08 13:45:38,305 basehttp "GET /usuarios/listar_espacios/ HTTP/1.1" 200 5345
INFO 2025-12-08 13:45:38,359 basehttp "GET /static/js/scripts.js HTTP/1.1" 200 13739
INFO 2025-12-08 13:45:38,390 basehttp "GET /static/css/base.css HTTP/1.1" 200 36303
WARNING 2025-12-08 13:45:38,742 log Not Found: /favicon.ico
WARNING 2025-12-08 13:45:38,743 basehttp "GET /favicon.ico HTTP/1.1" 404 3913
INFO 2025-12-08 13:49:11,840 basehttp "GET /usuarios/listar_espacios/ HTTP/1.1" 200 5345
INFO 2025-12-08 13:49:11,903 basehttp "GET /static/js/scripts.js HTTP/1.1" 200 13739
INFO 2025-12-08 13:49:11,942 basehttp "GET /static/css/base.css HTTP/1.1" 200 34968
WARNING 2025-12-08 13:49:12,648 log Not Found: /favicon.ico
WARNING 2025-12-08 13:49:12,649 basehttp "GET /favicon.ico HTTP/1.1" 404 3913
INFO 2025-12-08 13:49:28,336 basehttp "GET /usuarios/listar_espacios/ HTTP/1.1" 200 5345
INFO 2025-12-08 13:49:28,388 basehttp "GET /static/js/scripts.js HTTP/1.1" 200 13739
INFO 2025-12-08 13:49:28,417 basehttp "GET /static/css/base.css HTTP/1.1" 200 36301
WARNING 2025-12-08 13:49:28,787 log Not Found: /favicon.ico
WARNING 2025-12-08 13:49:28,788 basehttp "GET /favicon.ico HTTP/1.1" 404 3913
INFO 2025-12-08 13:49:40,279 basehttp "GET /usuarios/ HTTP/1.1" 200 5685
INFO 2025-12-08 13:49:43,090 basehttp "GET /logout/ HTTP/1.1" 302 0
INFO 2025-12-08 13:49:43,168 basehttp "GET /login/ HTTP/1.1" 200 2571
INFO 2025-12-08 13:49:59,006 basehttp "POST /login/ HTTP/1.1" 302 0
INFO 2025-12-08 13:49:59,031 basehttp "GET /administrador/ HTTP/1.1" 200 5357
INFO 2025-12-08 13:49:59,106 basehttp "GET /static/css/styles-v2.css HTTP/1.1" 200 5828
INFO 2025-12-08 13:50:01,382 basehttp "GET /administrador/registrar_espacio_campus/ HTTP/1.1" 200 6097
INFO 2025-12-08 13:51:11,072 basehttp "POST /administrador/registrar_espacio_campus/ HTTP/1.1" 302 0
INFO 2025-12-08 13:51:11,137 basehttp "GET /administrador/lista_espacios/ HTTP/1.1" 200 3168
INFO 2025-12-08 13:51:11,929 basehttp "GET /administrador/ HTTP/1.1" 200 5357
INFO 2025-12-08 13:51:15,037 basehttp "GET /logout/ HTTP/1.1" 302 0
INFO 2025-12-08 13:51:15,045 basehttp "GET /login/ HTTP/1.1" 200 2571
INFO 2025-12-08 13:51:22,244 basehttp "POST /login/ HTTP/1.1" 302 0
INFO 2025-12-08 13:51:22,257 basehttp "GET /usuarios/ HTTP/1.1" 200 5685
INFO 2025-12-08 13:51:22,310 basehttp "GET /static/css/base.css HTTP/1.1" 304 0
INFO 2025-12-08 13:51:22,412 basehttp "GET /usuarios/api/eventos-usuario/ HTTP/1.1" 200 319
INFO 2025-12-08 13:51:25,611 basehttp "GET /usuarios/listar_espacios/ HTTP/1.1" 200 5936
WARNING 2025-12-08 13:51:30,859 basehttp "GET /static/documentos/condiciones_2.pdf HTTP/1.1" 404 1843
INFO 2025-12-08 13:57:34,799 basehttp "GET /usuarios/listar_espacios/ HTTP/1.1" 200 6344
INFO 2025-12-08 13:57:34,862 basehttp "GET /static/js/scripts.js HTTP/1.1" 200 13739
INFO 2025-12-08 13:57:34,877 basehttp "GET /static/css/base.css HTTP/1.1" 200 36301
WARNING 2025-12-08 13:57:35,635 log Not Found: /favicon.ico
WARNING 2025-12-08 13:57:35,637 basehttp "GET /favicon.ico HTTP/1.1" 404 3913
INFO 2025-12-08 13:57:38,645 basehttp "GET /media/condiciones_espacios/UNIVERSIDAD_AUT%C3%93NOMA_DEL_BENI_2.pdf HTTP/1.1" 200 189981
INFO 2025-12-08 13:57:45,956 basehttp "GET /media/condiciones_espacios/condiciones_uso_sb.pdf HTTP/1.1" 200 76845
INFO 2025-12-08 13:58:11,311 basehttp "GET /usuarios/listar_espacios/ HTTP/1.1" 200 6124
INFO 2025-12-08 13:58:11,360 basehttp "GET /static/js/scripts.js HTTP/1.1" 200 13739
INFO 2025-12-08 13:58:11,375 basehttp "GET /static/css/base.css HTTP/1.1" 200 36301
WARNING 2025-12-08 13:58:12,006 log Not Found: /favicon.ico
WARNING 2025-12-08 13:58:12,007 basehttp "GET /favicon.ico HTTP/1.1" 404 3913
INFO 2025-12-08 13:58:53,216 basehttp "GET /usuarios/ HTTP/1.1" 200 5685
INFO 2025-12-08 13:59:00,096 basehttp "GET /usuarios/listar_espacios/ HTTP/1.1" 200 6124
INFO 2025-12-08 13:59:02,114 basehttp "GET /usuarios/ HTTP/1.1" 200 5685
INFO 2025-12-08 13:59:04,506 basehttp "GET /usuarios/historial/ HTTP/1.1" 200 3630
INFO 2025-12-08 13:59:04,555 basehttp "GET /static/css/base.css HTTP/1.1" 304 0
INFO 2025-12-08 13:59:10,409 basehttp "GET /usuarios/ HTTP/1.1" 200 5685
INFO 2025-12-08 13:59:13,202 basehttp "GET /logout/ HTTP/1.1" 302 0
INFO 2025-12-08 13:59:13,221 basehttp "GET /login/ HTTP/1.1" 200 2571
INFO 2025-12-08 13:59:27,142 basehttp "POST /login/ HTTP/1.1" 302 0
INFO 2025-12-08 13:59:27,216 basehttp "GET /encargados/dashboard/ HTTP/1.1" 200 7416
INFO 2025-12-08 13:59:27,402 basehttp "GET /encargados/api/solicitudes-aceptadas/ HTTP/1.1" 200 2
INFO 2025-12-08 14:00:14,578 basehttp "POST /encargados/crear-evento/ HTTP/1.1" 200 127
INFO 2025-12-08 14:00:17,225 basehttp "GET /encargados/api/solicitudes-aceptadas/ HTTP/1.1" 200 205
INFO 2025-12-08 14:00:21,885 basehttp "GET /logout/ HTTP/1.1" 302 0
INFO 2025-12-08 14:00:21,896 basehttp "GET /login/ HTTP/1.1" 200 2571
INFO 2025-12-08 14:00:30,864 basehttp "POST /login/ HTTP/1.1" 302 0
INFO 2025-12-08 14:00:30,878 basehttp "GET /usuarios/ HTTP/1.1" 200 5685
INFO 2025-12-08 14:00:30,930 basehttp "GET /static/css/base.css HTTP/1.1" 304 0
INFO 2025-12-08 14:00:31,029 basehttp "GET /usuarios/api/eventos-usuario/ HTTP/1.1" 200 703
INFO 2025-12-08 14:01:11,713 basehttp "GET /logout/ HTTP/1.1" 302 0
INFO 2025-12-08 14:01:11,724 basehttp "GET /login/ HTTP/1.1" 200 2571
INFO 2025-12-08 14:14:00,746 basehttp "POST /login/ HTTP/1.1" 302 0
INFO 2025-12-08 14:14:00,848 basehttp "GET /usuarios/ HTTP/1.1" 200 7640
INFO 2025-12-08 14:14:00,936 basehttp "GET /static/css/base.css HTTP/1.1" 200 37624
INFO 2025-12-08 14:14:01,076 basehttp "GET /usuarios/api/eventos-usuario/ HTTP/1.1" 200 703
INFO 2025-12-08 14:15:29,518 basehttp "GET /usuarios/ HTTP/1.1" 200 7636
INFO 2025-12-08 14:15:29,604 basehttp "GET /static/js/scripts.js HTTP/1.1" 200 13739
INFO 2025-12-08 14:15:29,625 basehttp "GET /static/css/base.css HTTP/1.1" 200 37624
INFO 2025-12-08 14:15:29,681 basehttp "GET /static/js/calendario.js HTTP/1.1" 200 8755
INFO 2025-12-08 14:15:29,903 basehttp "GET /usuarios/api/eventos-usuario/ HTTP/1.1" 200 703
WARNING 2025-12-08 14:15:30,323 log Not Found: /favicon.ico
WARNING 2025-12-08 14:15:30,325 basehttp "GET /favicon.ico HTTP/1.1" 404 3913
INFO 2025-12-08 14:15:53,541 basehttp "GET /usuarios/ HTTP/1.1" 200 7636
INFO 2025-12-08 14:15:53,600 basehttp "GET /static/js/scripts.js HTTP/1.1" 200 13739
INFO 2025-12-08 14:15:53,611 basehttp "GET /static/js/calendario.js HTTP/1.1" 200 8755
INFO 2025-12-08 14:15:53,615 basehttp "GET /static/css/base.css HTTP/1.1" 200 37624
INFO 2025-12-08 14:15:53,745 basehttp "GET /usuarios/api/eventos-usuario/ HTTP/1.1" 200 703
WARNING 2025-12-08 14:15:53,976 log Not Found: /favicon.ico
WARNING 2025-12-08 14:15:53,978 basehttp "GET /favicon.ico HTTP/1.1" 404 3913
INFO 2025-12-08 14:19:48,004 basehttp "GET /usuarios/ HTTP/1.1" 200 11099
INFO 2025-12-08 14:19:48,079 basehttp "GET /static/js/scripts.js HTTP/1.1" 200 13739
INFO 2025-12-08 14:19:48,095 basehttp "GET /static/css/base.css HTTP/1.1" 200 37624
INFO 2025-12-08 14:19:48,097 basehttp "GET /static/js/calendario.js HTTP/1.1" 200 8755
INFO 2025-12-08 14:19:48,438 basehttp "GET /usuarios/api/eventos-usuario/ HTTP/1.1" 200 703
WARNING 2025-12-08 14:19:48,848 log Not Found: /favicon.ico
WARNING 2025-12-08 14:19:48,849 basehttp "GET /favicon.ico HTTP/1.1" 404 3913
INFO 2025-12-08 14:23:05,918 basehttp "GET /usuarios/ HTTP/1.1" 200 11106
INFO 2025-12-08 14:23:06,006 basehttp "GET /static/js/scripts.js HTTP/1.1" 200 13739
INFO 2025-12-08 14:23:06,025 basehttp "GET /static/js/calendario.js HTTP/1.1" 200 8755
INFO 2025-12-08 14:23:06,032 basehttp "GET /static/css/base.css HTTP/1.1" 200 37624
INFO 2025-12-08 14:23:06,306 basehttp "GET /usuarios/api/eventos-usuario/ HTTP/1.1" 200 703
WARNING 2025-12-08 14:23:06,689 log Not Found: /favicon.ico
WARNING 2025-12-08 14:23:06,690 basehttp "GET /favicon.ico HTTP/1.1" 404 3913
INFO 2025-12-08 14:23:29,279 basehttp "GET /usuarios/ HTTP/1.1" 200 11101
INFO 2025-12-08 14:23:29,335 basehttp "GET /static/js/scripts.js HTTP/1.1" 200 13739
INFO 2025-12-08 14:23:29,348 basehttp "GET /static/js/calendario.js HTTP/1.1" 200 8755
INFO 2025-12-08 14:23:29,352 basehttp "GET /static/css/base.css HTTP/1.1" 200 37624
INFO 2025-12-08 14:23:29,521 basehttp "GET /usuarios/api/eventos-usuario/ HTTP/1.1" 200 703
WARNING 2025-12-08 14:23:29,752 log Not Found: /favicon.ico
WARNING 2025-12-08 14:23:29,752 basehttp "GET /favicon.ico HTTP/1.1" 404 3913
INFO 2025-12-08 14:24:00,527 basehttp "GET /usuarios/ HTTP/1.1" 200 11106
INFO 2025-12-08 14:24:00,588 basehttp "GET /static/js/scripts.js HTTP/1.1" 200 13739
INFO 2025-12-08 14:24:00,603 basehttp "GET /static/js/calendario.js HTTP/1.1" 200 8755
INFO 2025-12-08 14:24:00,624 basehttp "GET /static/css/base.css HTTP/1.1" 200 37634
INFO 2025-12-08 14:24:00,827 basehttp "GET /usuarios/api/eventos-usuario/ HTTP/1.1" 200 703
WARNING 2025-12-08 14:24:01,198 log Not Found: /favicon.ico
WARNING 2025-12-08 14:24:01,199 basehttp "GET /favicon.ico HTTP/1.1" 404 3913
INFO 2025-12-08 14:25:49,398 basehttp "GET /usuarios/ HTTP/1.1" 200 11236
INFO 2025-12-08 14:25:49,470 basehttp "GET /static/js/scripts.js HTTP/1.1" 200 13739
INFO 2025-12-08 14:25:49,484 basehttp "GET /static/js/calendario.js HTTP/1.1" 200 8755
INFO 2025-12-08 14:25:49,510 basehttp "GET /static/css/base.css HTTP/1.1" 200 37624
INFO 2025-12-08 14:25:49,705 basehttp "GET /usuarios/api/eventos-usuario/ HTTP/1.1" 200 703
WARNING 2025-12-08 14:25:50,093 log Not Found: /favicon.ico
WARNING 2025-12-08 14:25:50,094 basehttp "GET /favicon.ico HTTP/1.1" 404 3913
INFO 2025-12-08 14:28:39,088 basehttp "GET /usuarios/ HTTP/1.1" 200 10159
INFO 2025-12-08 14:28:39,156 basehttp "GET /static/js/scripts.js HTTP/1.1" 200 13739
INFO 2025-12-08 14:28:39,174 basehttp "GET /static/js/calendario.js HTTP/1.1" 200 8755
INFO 2025-12-08 14:28:39,176 basehttp "GET /static/css/base.css HTTP/1.1" 200 37624
INFO 2025-12-08 14:28:39,478 basehttp "GET /usuarios/api/eventos-usuario/ HTTP/1.1" 200 703
WARNING 2025-12-08 14:28:39,825 log Not Found: /favicon.ico
WARNING 2025-12-08 14:28:39,826 basehttp "GET /favicon.ico HTTP/1.1" 404 3913
INFO 2025-12-08 16:38:11,162 basehttp "GET /usuarios/ HTTP/1.1" 200 10159
INFO 2025-12-08 16:52:21,801 basehttp "GET /usuarios/ HTTP/1.1" 200 14050
INFO 2025-12-08 16:52:21,964 basehttp "GET /static/js/scripts.js HTTP/1.1" 200 13739
INFO 2025-12-08 16:52:22,002 basehttp "GET /static/js/calendario.js HTTP/1.1" 200 8755
INFO 2025-12-08 16:52:22,010 basehttp "GET /static/css/base.css HTTP/1.1" 200 37624
INFO 2025-12-08 16:52:23,695 basehttp "GET /usuarios/api/eventos-usuario/ HTTP/1.1" 200 703
WARNING 2025-12-08 16:52:23,734 log Not Found: /favicon.ico
WARNING 2025-12-08 16:52:23,737 basehttp "GET /favicon.ico HTTP/1.1" 404 3913
INFO 2025-12-08 16:52:41,145 basehttp "GET /logout/ HTTP/1.1" 302 0
INFO 2025-12-08 16:52:41,174 basehttp "GET /login/ HTTP/1.1" 200 2571
INFO 2025-12-08 16:52:50,350 basehttp "POST /login/ HTTP/1.1" 302 0
INFO 2025-12-08 16:52:50,369 basehttp "GET /usuarios/ HTTP/1.1" 200 14050
INFO 2025-12-08 16:52:50,459 basehttp "GET /usuarios/api/eventos-usuario/ HTTP/1.1" 200 703
INFO 2025-12-08 17:03:38,967 basehttp "GET /usuarios/ HTTP/1.1" 200 9843
INFO 2025-12-08 17:03:39,090 basehttp "GET /static/js/scripts.js HTTP/1.1" 200 13739
INFO 2025-12-08 17:03:39,106 basehttp "GET /static/js/calendario.js HTTP/1.1" 200 8755
INFO 2025-12-08 17:03:39,111 basehttp "GET /static/css/base.css HTTP/1.1" 200 37624
INFO 2025-12-08 17:03:40,049 basehttp "GET /usuarios/api/eventos-usuario/ HTTP/1.1" 200 703
WARNING 2025-12-08 17:03:40,558 log Not Found: /favicon.ico
WARNING 2025-12-08 17:03:40,562 basehttp "GET /favicon.ico HTTP/1.1" 404 3913
INFO 2025-12-08 17:08:24,831 basehttp "GET /logout/ HTTP/1.1" 302 0
INFO 2025-12-08 17:08:24,860 basehttp "GET /login/ HTTP/1.1" 200 2571
INFO 2025-12-08 17:08:34,461 basehttp "POST /login/ HTTP/1.1" 302 0
INFO 2025-12-08 17:08:34,619 basehttp "GET /encargados/dashboard/ HTTP/1.1" 200 12628
INFO 2025-12-08 17:08:34,988 basehttp "GET /encargados/api/solicitudes-aceptadas/ HTTP/1.1" 200 205
INFO 2025-12-08 17:10:05,501 basehttp "GET /encargados/dashboard/ HTTP/1.1" 200 12635
INFO 2025-12-08 17:10:05,702 basehttp "GET /static/encargados/css/styles.css HTTP/1.1" 200 18022
INFO 2025-12-08 17:10:05,813 basehttp "GET /static/encargados/js/dashboard_encargado.js HTTP/1.1" 200 8522
INFO 2025-12-08 17:10:06,118 basehttp "GET /encargados/api/solicitudes-aceptadas/ HTTP/1.1" 200 205
WARNING 2025-12-08 17:10:06,789 log Not Found: /favicon.ico
WARNING 2025-12-08 17:10:06,794 basehttp "GET /favicon.ico HTTP/1.1" 404 3913
INFO 2025-12-08 17:18:21,794 basehttp "GET /logout/ HTTP/1.1" 302 0
INFO 2025-12-08 17:18:21,885 basehttp "GET /login/ HTTP/1.1" 200 2571
INFO 2025-12-08 17:18:30,036 basehttp "POST /login/ HTTP/1.1" 302 0
INFO 2025-12-08 17:18:30,229 basehttp "GET /administrador/ HTTP/1.1" 200 10640
INFO 2025-12-08 17:54:10,416 basehttp "GET /login/ HTTP/1.1" 200 2352
INFO 2025-12-08 17:54:46,934 basehttp "GET /registro/ HTTP/1.1" 200 4212
INFO 2025-12-08 17:55:13,448 basehttp "GET /login/ HTTP/1.1" 200 2352
INFO 2025-12-08 17:55:20,829 basehttp "GET /recuperar/ HTTP/1.1" 200 1523
INFO 2025-12-08 17:55:33,077 basehttp "GET /reenviar-verificacion/ HTTP/1.1" 200 1517
INFO 2025-12-08 17:55:47,959 basehttp "POST /login/ HTTP/1.1" 302 0
INFO 2025-12-08 17:55:47,988 basehttp "GET /usuarios/ HTTP/1.1" 200 9843
INFO 2025-12-08 17:55:48,052 basehttp "GET /static/css/base.css HTTP/1.1" 304 0
INFO 2025-12-08 17:55:48,171 basehttp "GET /usuarios/api/eventos-usuario/ HTTP/1.1" 200 703
INFO 2025-12-08 17:55:56,085 basehttp "GET /usuarios/mi-perfil/ HTTP/1.1" 200 9018
INFO 2025-12-08 17:56:02,782 basehttp "GET /usuarios/editar-perfil/ HTTP/1.1" 200 2777
INFO 2025-12-08 17:56:10,566 basehttp "GET /usuarios/ HTTP/1.1" 200 9843
INFO 2025-12-08 17:56:49,959 basehttp "GET /usuarios/enviar_solicitud/ HTTP/1.1" 200 19614
INFO 2025-12-08 17:57:19,779 basehttp "GET /usuarios/api/documento-espacio/1/ HTTP/1.1" 200 113
INFO 2025-12-08 17:57:19,886 basehttp "GET /media/condiciones_espacios/condiciones_uso_sb.pdf HTTP/1.1" 200 76845
INFO 2025-12-08 17:57:35,632 basehttp "GET /media/condiciones_espacios/condiciones_uso_sb.pdf HTTP/1.1" 200 76845
INFO 2025-12-08 17:58:19,053 basehttp "GET /usuarios/ HTTP/1.1" 200 9843
INFO 2025-12-08 17:58:22,419 basehttp "GET /usuarios/historial/ HTTP/1.1" 200 3630
INFO 2025-12-08 17:58:26,312 basehttp "GET /usuarios/ HTTP/1.1" 200 9843
INFO 2025-12-08 17:58:28,965 basehttp "GET /usuarios/listar_espacios/ HTTP/1.1" 200 6124
INFO 2025-12-08 17:59:26,213 basehttp "GET /media/condiciones_espacios/UNIVERSIDAD_AUT%C3%93NOMA_DEL_BENI_2.pdf HTTP/1.1" 200 189981
INFO 2025-12-08 17:59:32,952 basehttp "GET /usuarios/ HTTP/1.1" 200 9843
INFO 2025-12-08 17:59:55,273 basehttp "GET /logout/ HTTP/1.1" 302 0
INFO 2025-12-08 17:59:55,288 basehttp "GET /login/ HTTP/1.1" 200 2571
INFO 2025-12-08 18:00:06,666 basehttp "POST /login/ HTTP/1.1" 302 0
INFO 2025-12-08 18:00:06,728 basehttp "GET /encargados/dashboard/ HTTP/1.1" 200 12635
INFO 2025-12-08 18:00:06,984 basehttp "GET /encargados/api/solicitudes-aceptadas/ HTTP/1.1" 200 205
INFO 2025-12-08 18:00:10,315 basehttp "GET /encargados/perfil/ HTTP/1.1" 200 8532
INFO 2025-12-08 18:00:10,441 basehttp "GET /static/encargados/css/perfil_encargado.css HTTP/1.1" 200 12733
INFO 2025-12-08 18:00:19,106 basehttp "GET /encargados/dashboard/ HTTP/1.1" 200 12635
INFO 2025-12-08 18:01:00,681 basehttp "GET /reportes/ HTTP/1.1" 200 3171
INFO 2025-12-08 18:01:00,809 basehttp "GET /static/css/reportes-styles.css HTTP/1.1" 200 14432
INFO 2025-12-08 18:01:30,775 basehttp "GET /encargados/dashboard/ HTTP/1.1" 200 12635
INFO 2025-12-08 18:01:33,459 basehttp "GET /encargados/lista_solicitudes/ HTTP/1.1" 200 5228
INFO 2025-12-08 18:01:50,059 basehttp "GET /encargados/dashboard/ HTTP/1.1" 200 12635
INFO 2025-12-08 18:01:52,674 basehttp "GET /encargados/solicitudes_aceptadas/ HTTP/1.1" 200 14570
INFO 2025-12-08 18:02:04,817 basehttp "GET /encargados/dashboard/ HTTP/1.1" 200 12635
INFO 2025-12-08 18:02:07,250 basehttp "GET /encargados/solicitudes_pendientes/ HTTP/1.1" 200 4152
INFO 2025-12-08 18:02:11,716 basehttp "GET /encargados/dashboard/ HTTP/1.1" 200 12635
INFO 2025-12-08 18:02:18,198 basehttp "GET /logout/ HTTP/1.1" 302 0
INFO 2025-12-08 18:02:18,216 basehttp "GET /login/ HTTP/1.1" 200 2571
INFO 2025-12-08 18:02:45,168 basehttp "POST /login/ HTTP/1.1" 302 0
INFO 2025-12-08 18:02:45,196 basehttp "GET /administrador/ HTTP/1.1" 200 10640
INFO 2025-12-08 18:03:17,059 basehttp "GET /administrador/registrar_espacios/ HTTP/1.1" 200 3611
INFO 2025-12-08 18:03:18,976 basehttp "GET /administrador/lista_espacios/ HTTP/1.1" 200 2980
INFO 2025-12-08 18:03:36,071 basehttp "GET /administrador/ HTTP/1.1" 200 10640
INFO 2025-12-08 18:03:38,800 basehttp "GET /administrador/registrar_espacio_campus/ HTTP/1.1" 200 6097
INFO 2025-12-08 18:04:04,309 basehttp "GET /administrador/ HTTP/1.1" 200 10640
INFO 2025-12-08 18:04:06,069 basehttp "GET /administrador/lista_espacios_campus/ HTTP/1.1" 200 4265
INFO 2025-12-08 18:04:25,211 basehttp "GET /administrador/ HTTP/1.1" 200 10640
INFO 2025-12-08 18:04:35,319 basehttp "GET /administrador/registrar_encargados/ HTTP/1.1" 200 3809
INFO 2025-12-08 18:04:44,103 basehttp "GET /administrador/lista_encargados/ HTTP/1.1" 200 3206
INFO 2025-12-08 18:04:57,678 basehttp "GET /administrador/ HTTP/1.1" 200 10640
INFO 2025-12-08 18:05:00,731 basehttp "GET /administrador/registrar_facultad/ HTTP/1.1" 200 2320
INFO 2025-12-08 18:05:02,921 basehttp "GET /administrador/lista_facultades/ HTTP/1.1" 200 2417
INFO 2025-12-08 18:05:06,681 basehttp "GET /administrador/ HTTP/1.1" 200 10640
INFO 2025-12-08 18:05:11,135 basehttp "GET /administrador/registrar_carrera/ HTTP/1.1" 200 2383
INFO 2025-12-08 18:05:20,593 basehttp "GET /administrador/ HTTP/1.1" 200 10640
INFO 2025-12-08 18:05:22,064 basehttp "GET /administrador/lista_carreras/ HTTP/1.1" 200 2621
INFO 2025-12-08 18:05:27,148 basehttp "GET /administrador/ HTTP/1.1" 200 10640
INFO 2025-12-08 18:05:30,694 basehttp "GET /logout/ HTTP/1.1" 302 0
INFO 2025-12-08 18:05:30,712 basehttp "GET /login/ HTTP/1.1" 200 2571
INFO 2025-12-08 18:05:40,847 basehttp "GET /admin/gestion_espacios_academicos/customuser/2/change/ HTTP/1.1" 302 0
INFO 2025-12-08 18:05:40,968 basehttp "GET /admin/login/?next=/admin/gestion_espacios_academicos/customuser/2/change/ HTTP/1.1" 200 4318
INFO 2025-12-08 18:05:41,062 basehttp "GET /static/admin/css/login.css HTTP/1.1" 200 958
INFO 2025-12-08 18:05:49,549 basehttp "POST /admin/login/?next=/admin/gestion_espacios_academicos/customuser/2/change/ HTTP/1.1" 200 4527
INFO 2025-12-08 18:05:56,370 basehttp "POST /admin/login/?next=/admin/gestion_espacios_academicos/customuser/2/change/ HTTP/1.1" 302 0
INFO 2025-12-08 18:05:56,791 basehttp "GET /admin/gestion_espacios_academicos/customuser/2/change/ HTTP/1.1" 200 33144
INFO 2025-12-08 18:05:56,899 basehttp "GET /static/admin/css/forms.css HTTP/1.1" 200 9090
INFO 2025-12-08 18:05:56,939 basehttp "GET /static/admin/js/calendar.js HTTP/1.1" 200 8466
INFO 2025-12-08 18:05:56,941 basehttp "GET /static/admin/js/jquery.init.js HTTP/1.1" 200 347
INFO 2025-12-08 18:05:56,942 basehttp "GET /static/admin/js/core.js HTTP/1.1" 200 5682
INFO 2025-12-08 18:05:56,944 basehttp "GET /static/admin/js/admin/DateTimeShortcuts.js HTTP/1.1" 200 19319
INFO 2025-12-08 18:05:56,973 basehttp "GET /static/admin/js/admin/RelatedObjectLookups.js HTTP/1.1" 200 8943
INFO 2025-12-08 18:05:56,974 basehttp "GET /static/admin/js/SelectBox.js HTTP/1.1" 200 4530
INFO 2025-12-08 18:05:56,984 basehttp "GET /static/admin/js/actions.js HTTP/1.1" 200 7872
INFO 2025-12-08 18:05:56,988 basehttp "GET /static/admin/js/SelectFilter2.js HTTP/1.1" 200 15292
INFO 2025-12-08 18:05:57,029 basehttp "GET /static/admin/js/urlify.js HTTP/1.1" 200 7887
INFO 2025-12-08 18:05:57,030 basehttp "GET /static/admin/css/widgets.css HTTP/1.1" 200 11921
INFO 2025-12-08 18:05:57,058 basehttp "GET /static/admin/js/prepopulate.js HTTP/1.1" 200 1531
INFO 2025-12-08 18:05:57,065 basehttp "GET /admin/jsi18n/ HTTP/1.1" 200 8006
INFO 2025-12-08 18:05:57,066 basehttp "GET /static/admin/js/vendor/jquery/jquery.js HTTP/1.1" 200 292458
INFO 2025-12-08 18:05:57,072 basehttp "GET /static/admin/img/icon-changelink.svg HTTP/1.1" 200 380
INFO 2025-12-08 18:05:57,069 basehttp "GET /static/admin/img/icon-addlink.svg HTTP/1.1" 200 331
INFO 2025-12-08 18:05:57,086 basehttp "GET /static/admin/js/vendor/xregexp/xregexp.js HTTP/1.1" 200 232381
INFO 2025-12-08 18:05:57,172 basehttp "GET /static/admin/img/icon-viewlink.svg HTTP/1.1" 200 581
INFO 2025-12-08 18:05:57,174 basehttp "GET /static/admin/img/icon-deletelink.svg HTTP/1.1" 200 392
INFO 2025-12-08 18:05:57,219 basehttp "GET /static/admin/js/prepopulate_init.js HTTP/1.1" 200 586
INFO 2025-12-08 18:05:57,220 basehttp "GET /static/admin/js/change_form.js HTTP/1.1" 200 606
INFO 2025-12-08 18:05:57,366 basehttp "GET /static/admin/img/icon-unknown.svg HTTP/1.1" 200 655
INFO 2025-12-08 18:05:57,376 basehttp "GET /static/admin/img/icon-unknown-alt.svg HTTP/1.1" 200 655
INFO 2025-12-08 18:05:57,378 basehttp "GET /static/admin/img/search.svg HTTP/1.1" 200 458
INFO 2025-12-08 18:05:57,379 basehttp "GET /static/admin/img/icon-calendar.svg HTTP/1.1" 200 1086
INFO 2025-12-08 18:05:57,380 basehttp "GET /static/admin/img/icon-clock.svg HTTP/1.1" 200 677
INFO 2025-12-08 18:05:57,382 basehttp "GET /static/admin/img/selector-icons.svg HTTP/1.1" 200 3291
INFO 2025-12-08 18:06:02,251 basehttp "GET /admin/login/?next=/admin/gestion_espacios_academicos/customuser/2/change/ HTTP/1.1" 302 0
INFO 2025-12-08 18:06:02,313 basehttp "GET /admin/ HTTP/1.1" 200 8925
INFO 2025-12-08 18:06:02,387 basehttp "GET /static/admin/css/dashboard.css HTTP/1.1" 200 441
INFO 2025-12-08 18:06:05,102 basehttp "GET /admin/gestion_espacios_academicos/customuser/ HTTP/1.1" 200 17656
INFO 2025-12-08 18:06:05,182 basehttp "GET /static/admin/css/changelists.css HTTP/1.1" 200 6566
INFO 2025-12-08 18:06:05,195 basehttp "GET /static/admin/img/icon-yes.svg HTTP/1.1" 200 436
INFO 2025-12-08 18:06:05,212 basehttp "GET /static/admin/js/filters.js HTTP/1.1" 200 978
INFO 2025-12-08 18:06:05,221 basehttp "GET /admin/jsi18n/ HTTP/1.1" 200 8006
INFO 2025-12-08 18:06:05,324 basehttp "GET /static/admin/img/sorting-icons.svg HTTP/1.1" 200 1097
INFO 2025-12-08 18:06:05,325 basehttp "GET /static/admin/img/tooltag-add.svg HTTP/1.1" 200 331
INFO 2025-12-08 18:06:28,941 basehttp "GET /admin/ HTTP/1.1" 200 8925
INFO 2025-12-08 18:06:31,046 basehttp "GET /admin/gestion_espacios_academicos/carrera/ HTTP/1.1" 200 11462
INFO 2025-12-08 18:06:31,122 basehttp "GET /admin/jsi18n/ HTTP/1.1" 200 8006
INFO 2025-12-08 18:06:33,550 basehttp "GET /admin/ HTTP/1.1" 200 8925
INFO 2025-12-08 18:06:35,461 basehttp "GET /admin/gestion_espacios_academicos/espacio/ HTTP/1.1" 200 12535
INFO 2025-12-08 18:06:35,551 basehttp "GET /admin/jsi18n/ HTTP/1.1" 200 8006
INFO 2025-12-08 18:06:37,876 basehttp "GET /admin/ HTTP/1.1" 200 8925
INFO 2025-12-08 18:06:40,037 basehttp "GET /admin/gestion_espacios_academicos/espaciocampus/ HTTP/1.1" 200 12458
INFO 2025-12-08 18:06:40,126 basehttp "GET /admin/jsi18n/ HTTP/1.1" 200 8006
INFO 2025-12-08 18:06:41,785 basehttp "GET /admin/ HTTP/1.1" 200 8925
INFO 2025-12-08 18:06:44,522 basehttp "GET /admin/gestion_espacios_academicos/solicitud/ HTTP/1.1" 200 16323
INFO 2025-12-08 18:06:44,603 basehttp "GET /admin/jsi18n/ HTTP/1.1" 200 8006
INFO 2025-12-08 18:06:59,159 basehttp "GET /media/solicitudes/2025/12/UNIVERSIDAD_AUT%C3%93NOMA_DEL_BENI_1.pdf HTTP/1.1" 200 189980
INFO 2025-12-08 18:07:10,186 basehttp "GET /admin/ HTTP/1.1" 200 8925
INFO 2025-12-08 18:07:14,055 basehttp "GET /admin/gestion_espacios_academicos/solicitud/ HTTP/1.1" 200 16323
INFO 2025-12-08 18:07:14,150 basehttp "GET /admin/jsi18n/ HTTP/1.1" 200 8006
INFO 2025-12-08 18:07:17,094 basehttp "GET /admin/gestion_espacios_academicos/solicitud/1/change/ HTTP/1.1" 200 27151
INFO 2025-12-08 18:07:17,162 basehttp "GET /static/admin/js/collapse.js HTTP/1.1" 200 1803
INFO 2025-12-08 18:07:17,191 basehttp "GET /admin/jsi18n/ HTTP/1.1" 200 8006
INFO 2025-12-08 18:07:32,016 basehttp "GET /admin/gestion_espacios_academicos/solicitud/ HTTP/1.1" 200 16323
INFO 2025-12-08 18:07:36,193 basehttp "GET /admin/ HTTP/1.1" 200 8925
INFO 2025-12-08 18:07:44,435 basehttp "GET /admin/gestion_espacios_academicos/customuser/ HTTP/1.1" 200 17656
INFO 2025-12-08 18:07:44,516 basehttp "GET /admin/jsi18n/ HTTP/1.1" 200 8006
INFO 2025-12-08 18:07:46,927 basehttp "GET /admin/gestion_espacios_academicos/customuser/1/change/ HTTP/1.1" 200 33058
INFO 2025-12-08 18:07:46,997 basehttp "GET /admin/jsi18n/ HTTP/1.1" 200 8006
INFO 2025-12-08 18:08:30,947 basehttp "GET /admin/gestion_espacios_academicos/customuser/ HTTP/1.1" 200 17656
INFO 2025-12-08 18:56:09,109 basehttp "GET /admin/ HTTP/1.1" 200 8925
INFO 2025-12-08 18:56:11,379 basehttp "GET / HTTP/1.1" 200 2172
INFO 2025-12-08 18:56:11,445 basehttp "GET /static/css/custom-styles.css HTTP/1.1" 200 7465
INFO 2025-12-08 18:58:30,333 basehttp "GET /login/ HTTP/1.1" 200 2352
INFO 2025-12-08 18:58:41,991 basehttp "POST /login/ HTTP/1.1" 302 0
INFO 2025-12-08 18:58:42,030 basehttp "GET /usuarios/ HTTP/1.1" 200 9843
INFO 2025-12-08 18:58:42,138 basehttp "GET /static/css/base.css HTTP/1.1" 304 0
INFO 2025-12-08 18:58:42,281 basehttp "GET /usuarios/api/eventos-usuario/ HTTP/1.1" 200 703
INFO 2025-12-08 18:59:55,711 basehttp "GET /usuarios/mi-perfil/ HTTP/1.1" 200 9018
INFO 2025-12-08 19:00:05,932 basehttp "GET /usuarios/ HTTP/1.1" 200 9843
INFO 2025-12-08 19:00:09,878 basehttp "GET /usuarios/historial/ HTTP/1.1" 200 3630
INFO 2025-12-08 19:00:14,150 basehttp "GET /usuarios/ HTTP/1.1" 200 9843
INFO 2025-12-08 19:00:18,467 basehttp "GET /usuarios/listar_espacios/ HTTP/1.1" 200 6124
INFO 2025-12-08 19:00:46,070 basehttp "GET /media/condiciones_espacios/UNIVERSIDAD_AUT%C3%93NOMA_DEL_BENI_2.pdf HTTP/1.1" 200 189981
INFO 2025-12-08 19:00:59,005 basehttp "GET /media/condiciones_espacios/condiciones_uso_sb.pdf HTTP/1.1" 200 76845
INFO 2025-12-09 17:57:41,611 basehttp "GET /usuarios/ HTTP/1.1" 302 0
INFO 2025-12-09 17:57:41,670 basehttp "GET /login/?next=/usuarios/ HTTP/1.1" 200 2352
